18:14:58 **** Incremental Build of configuration Debug for project app ****
"C:\\altera_lite\\25.1std\\riscfree\\build_tools\\bin\\make.exe" -j all 
[ 94%] Built target hal2_bsp
[ 95%] Building C object CMakeFiles/app.elf.dir/fpga.c.obj
In file included from C:/Users/mespo/Desktop/School/SchoolThings/2025-2026/Term2/ELEX7660/fpga/software/app/fpga.c:23:
C:/Users/mespo/Desktop/School/SchoolThings/2025-2026/Term2/ELEX7660/fpga/software/app/fpga.c: In function 'main':
C:/Users/mespo/Desktop/School/SchoolThings/2025-2026/Term2/ELEX7660/fpga/software/app/fpga.c:37:35: warning: 'i' is used uninitialized [-Wuninitialized]
   37 |       IOWR_32DIRECT(PIO_0_BASE,0,1<<(i%8)) ;
C:/Users/mespo/Desktop/School/SchoolThings/2025-2026/Term2/ELEX7660/fpga/software/bsp/HAL/inc/io.h:127:31: note: in definition of macro 'SWIO'
  127 |     unsigned int __tmpData = (DATA);                    \
      |                               ^~~~
C:/Users/mespo/Desktop/School/SchoolThings/2025-2026/Term2/ELEX7660/fpga/software/app/fpga.c:37:7: note: in expansion of macro 'IOWR_32DIRECT'
   37 |       IOWR_32DIRECT(PIO_0_BASE,0,1<<(i%8)) ;
      |       ^~~~~~~~~~~~~
C:/Users/mespo/Desktop/School/SchoolThings/2025-2026/Term2/ELEX7660/fpga/software/app/fpga.c:35:13: note: 'i' was declared here
   35 |    for (int i; 1; i++) {
      |             ^
[ 96%] Linking C executable app.elf
[ 96%] Built target app.elf
[ 97%] Creating app.elf.objdump.
[ 98%] Reporting memory available for stack + heap in app.elf.
[100%] Creating onchip_memory2_0.hex.
TBBmalloc: skip allocation functions replacement in ucrtbase.dll: unknown prologue for function _msize
app.elf
 * 96.28 KB - Program size (code + initialized data).
 * 153.50 KB - Free for stack + heap.
[100%] Built target niosv-stack-report
[100%] Built target create-hex
[100%] Built target create-objdump

18:14:59 Build Finished. 0 errors, 1 warnings. (took 1s.714ms)

