11:33:33 **** Clean-only build of configuration Debug for project app ****
"C:\\altera_lite\\25.1std\\riscfree\\build_tools\\bin\\make.exe" -j clean 
11:33:35 **** Build of configuration Debug for project app ****
"C:\\altera_lite\\25.1std\\riscfree\\build_tools\\bin\\make.exe" -j all 
[  2%] Building ASM object bsp/CMakeFiles/hal2_bsp.dir/HAL/src/alt_vic_vector_table.S.obj
[  2%] Building ASM object bsp/CMakeFiles/hal2_bsp.dir/HAL/src/alt_mcount.S.obj
[  3%] Building ASM object bsp/CMakeFiles/hal2_bsp.dir/HAL/src/alt_ecc_exception_entry.S.obj
[  4%] Building ASM object bsp/CMakeFiles/hal2_bsp.dir/HAL/src/alt_log_macro.S.obj
[  6%] Building ASM object bsp/CMakeFiles/hal2_bsp.dir/HAL/src/crt0.S.obj
[  6%] Building C object bsp/CMakeFiles/hal2_bsp.dir/HAL/src/alt_alarm_start.c.obj
[  7%] Building C object bsp/CMakeFiles/hal2_bsp.dir/HAL/src/alt_dma_rxchan_open.c.obj
[  8%] Building C object bsp/CMakeFiles/hal2_bsp.dir/HAL/src/alt_dev.c.obj
[  9%] Building C object bsp/CMakeFiles/hal2_bsp.dir/HAL/src/alt_close.c.obj
[ 11%] Building C object bsp/CMakeFiles/hal2_bsp.dir/HAL/src/alt_dcache_flush_all.c.obj
[ 11%] Building C object bsp/CMakeFiles/hal2_bsp.dir/HAL/src/alt_busy_sleep.c.obj
[ 12%] Building C object bsp/CMakeFiles/hal2_bsp.dir/HAL/src/alt_dma_txchan_open.c.obj
[ 13%] Building C object bsp/CMakeFiles/hal2_bsp.dir/HAL/src/alt_dev_llist_insert.c.obj
[ 14%] Building C object bsp/CMakeFiles/hal2_bsp.dir/HAL/src/alt_execve.c.obj
[ 15%] Building ASM object bsp/CMakeFiles/hal2_bsp.dir/HAL/src/machine_trap.S.obj
[ 16%] Building C object bsp/CMakeFiles/hal2_bsp.dir/HAL/src/alt_fstat.c.obj
[ 17%] Building C object bsp/CMakeFiles/hal2_bsp.dir/HAL/src/alt_do_ctors.c.obj
[ 18%] Building C object bsp/CMakeFiles/hal2_bsp.dir/HAL/src/alt_find_dev.c.obj
[ 19%] Building C object bsp/CMakeFiles/hal2_bsp.dir/HAL/src/alt_environ.c.obj
[ 21%] Building C object bsp/CMakeFiles/hal2_bsp.dir/HAL/src/alt_flash_dev.c.obj
[ 21%] Building C object bsp/CMakeFiles/hal2_bsp.dir/HAL/src/alt_fd_unlock.c.obj
[ 22%] Building C object bsp/CMakeFiles/hal2_bsp.dir/HAL/src/alt_gettod.c.obj
[ 23%] Building C object bsp/CMakeFiles/hal2_bsp.dir/HAL/src/alt_dcache_flush.c.obj
[ 24%] Building C object bsp/CMakeFiles/hal2_bsp.dir/HAL/src/alt_find_file.c.obj
[ 25%] Building C object bsp/CMakeFiles/hal2_bsp.dir/HAL/src/alt_env_lock.c.obj
[ 26%] Building C object bsp/CMakeFiles/hal2_bsp.dir/HAL/src/alt_do_dtors.c.obj
[ 27%] Building C object bsp/CMakeFiles/hal2_bsp.dir/HAL/src/alt_instruction_exception_register.c.obj
[ 28%] Building C object bsp/CMakeFiles/hal2_bsp.dir/HAL/src/alt_ioctl.c.obj
[ 29%] Building C object bsp/CMakeFiles/hal2_bsp.dir/HAL/src/intel_fpga_api_cmn_inf.c.obj
[ 30%] Building C object bsp/CMakeFiles/hal2_bsp.dir/HAL/src/alt_get_fd.c.obj
[ 31%] Building C object bsp/CMakeFiles/hal2_bsp.dir/HAL/src/alt_getchar.c.obj
[ 32%] Building C object bsp/CMakeFiles/hal2_bsp.dir/HAL/src/alt_tick.c.obj
[ 34%] Building C object bsp/CMakeFiles/hal2_bsp.dir/HAL/src/alt_open.c.obj
[ 35%] Building C object bsp/CMakeFiles/hal2_bsp.dir/HAL/src/alt_fork.c.obj
[ 37%] Building C object bsp/CMakeFiles/hal2_bsp.dir/HAL/src/alt_fs_reg.c.obj
[ 39%] Building C object bsp/CMakeFiles/hal2_bsp.dir/HAL/src/alt_rename.c.obj
[ 41%] Building C object bsp/CMakeFiles/hal2_bsp.dir/HAL/src/alt_ecc_exception.c.obj
[ 42%] Building C object bsp/CMakeFiles/hal2_bsp.dir/HAL/src/alt_wait.c.obj
[ 43%] Building C object bsp/CMakeFiles/hal2_bsp.dir/HAL/src/alt_exit.c.obj
[ 45%] Building C object bsp/CMakeFiles/hal2_bsp.dir/HAL/src/alt_remap_uncached.c.obj
[ 40%] Building C object bsp/CMakeFiles/hal2_bsp.dir/HAL/src/alt_errno.c.obj
[ 46%] Building C object bsp/CMakeFiles/hal2_bsp.dir/HAL/src/alt_read.c.obj
[ 48%] Building C object bsp/CMakeFiles/hal2_bsp.dir/HAL/src/alt_gmon.c.obj
[ 49%] Building C object bsp/CMakeFiles/hal2_bsp.dir/HAL/src/alt_icache_flush_all.c.obj
[ 50%] Building C object bsp/CMakeFiles/hal2_bsp.dir/HAL/src/alt_putcharbuf.c.obj
[ 51%] Building C object bsp/CMakeFiles/hal2_bsp.dir/HAL/src/alt_settod.c.obj
[ 52%] Building C object bsp/CMakeFiles/hal2_bsp.dir/HAL/src/intel_fpga_api_cmn_dfl.c.obj
[ 55%] Building C object bsp/CMakeFiles/hal2_bsp.dir/alt_sys_init.c.obj
[ 55%] Building C object bsp/CMakeFiles/hal2_bsp.dir/HAL/src/alt_uncached_malloc.c.obj
[ 56%] Building C object bsp/CMakeFiles/hal2_bsp.dir/HAL/src/intel_fpga_platform_api_niosv.c.obj
[ 56%] Building C object bsp/CMakeFiles/hal2_bsp.dir/HAL/src/alt_times.c.obj
[ 57%] Building C object bsp/CMakeFiles/hal2_bsp.dir/HAL/src/alt_io_redirect.c.obj
[ 58%] Building C object bsp/CMakeFiles/hal2_bsp.dir/HAL/src/alt_log_printf.c.obj
[ 61%] Building C object bsp/CMakeFiles/hal2_bsp.dir/HAL/src/alt_isatty.c.obj
[ 60%] Building C object bsp/CMakeFiles/hal2_bsp.dir/HAL/src/alt_link.c.obj
[ 61%] Building C object bsp/CMakeFiles/hal2_bsp.dir/HAL/src/alt_load.c.obj
[ 62%] Building C object bsp/CMakeFiles/hal2_bsp.dir/HAL/src/alt_putstr.c.obj
[ 64%] Building C object bsp/CMakeFiles/hal2_bsp.dir/HAL/src/mtimer.c.obj
[ 64%] Building C object bsp/CMakeFiles/hal2_bsp.dir/HAL/src/intel_fpga_api_niosv.c.obj
[ 44%] Building C object bsp/CMakeFiles/hal2_bsp.dir/HAL/src/alt_stat.c.obj
[ 45%] Building C object bsp/CMakeFiles/hal2_bsp.dir/HAL/src/alt_fcntl.c.obj
[ 65%] Building C object bsp/CMakeFiles/hal2_bsp.dir/HAL/src/alt_write.c.obj
[ 68%] Building C object bsp/CMakeFiles/hal2_bsp.dir/HAL/src/alt_tls.c.obj
[ 69%] Building C object bsp/CMakeFiles/hal2_bsp.dir/HAL/src/alt_sbrk.c.obj
[ 72%] Building C object bsp/CMakeFiles/hal2_bsp.dir/HAL/src/alt_dcache_flush_no_writeback.c.obj
[ 72%] Building C object bsp/CMakeFiles/hal2_bsp.dir/HAL/src/alt_main.c.obj
[ 74%] Building C object bsp/CMakeFiles/hal2_bsp.dir/HAL/src/alt_irq_handler.c.obj
[ 75%] Building C object bsp/CMakeFiles/hal2_bsp.dir/drivers/src/altera_avalon_jtag_uart_ioctl.c.obj
[ 75%] Building C object bsp/CMakeFiles/hal2_bsp.dir/drivers/src/altera_avalon_jtag_uart_write.c.obj
[ 76%] Building C object bsp/CMakeFiles/hal2_bsp.dir/HAL/src/alt_uncached_free.c.obj
[ 76%] Building C object bsp/CMakeFiles/hal2_bsp.dir/drivers/src/altera_avalon_jtag_uart_init.c.obj
[ 47%] Building C object bsp/CMakeFiles/hal2_bsp.dir/HAL/src/intel_fpga_api_cmn_msg.c.obj
[ 76%] Building C object bsp/CMakeFiles/hal2_bsp.dir/HAL/src/alt_vic_isr_wrapper.c.obj
[ 39%] Building C object bsp/CMakeFiles/hal2_bsp.dir/HAL/src/alt_malloc_lock.c.obj
[ 77%] Building C object bsp/CMakeFiles/hal2_bsp.dir/HAL/src/alt_iic_isr_register.c.obj
[ 78%] Building C object bsp/CMakeFiles/hal2_bsp.dir/HAL/src/alt_kill.c.obj
[ 80%] Building C object bsp/CMakeFiles/hal2_bsp.dir/HAL/src/alt_getpid.c.obj
[ 80%] Building C object bsp/CMakeFiles/hal2_bsp.dir/HAL/src/alt_iic.c.obj
[ 83%] Building C object bsp/CMakeFiles/hal2_bsp.dir/HAL/src/alt_fd_lock.c.obj
[ 83%] Building C object bsp/CMakeFiles/hal2_bsp.dir/HAL/src/alt_unlink.c.obj
[ 84%] Building C object bsp/CMakeFiles/hal2_bsp.dir/HAL/src/alt_release_fd.c.obj
[ 81%] Building C object bsp/CMakeFiles/hal2_bsp.dir/HAL/src/intel_niosv_irq.c.obj
[ 85%] Building C object bsp/CMakeFiles/hal2_bsp.dir/HAL/src/alt_usleep.c.obj
[ 86%] Building C object bsp/CMakeFiles/hal2_bsp.dir/HAL/src/alt_printf.c.obj
[ 87%] Building C object bsp/CMakeFiles/hal2_bsp.dir/drivers/src/altera_avalon_jtag_uart_read.c.obj
[ 89%] Building C object bsp/CMakeFiles/hal2_bsp.dir/HAL/src/alt_icache_flush.c.obj
[ 89%] Building C object bsp/CMakeFiles/hal2_bsp.dir/HAL/src/alt_putchar.c.obj
[ 90%] Building C object bsp/CMakeFiles/hal2_bsp.dir/HAL/src/alt_remap_cached.c.obj
[ 91%] Building C object bsp/CMakeFiles/hal2_bsp.dir/HAL/src/alt_ecc_error_inject.c.obj
[ 92%] Building C object bsp/CMakeFiles/hal2_bsp.dir/HAL/src/alt_lseek.c.obj
[ 93%] Building C object bsp/CMakeFiles/hal2_bsp.dir/drivers/src/altera_avalon_jtag_uart_fd.c.obj
[ 94%] Linking C static library libhal2_bsp.a
[ 94%] Built target hal2_bsp
[ 95%] Building C object CMakeFiles/app.elf.dir/fpga.c.obj
[ 96%] Linking C executable app.elf
[ 96%] Built target app.elf
[ 98%] Creating app.elf.objdump.
[ 98%] Creating onchip_memory2_0.hex.
[100%] Reporting memory available for stack + heap in app.elf.
TBBmalloc: skip allocation functions replacement in ucrtbase.dll: unknown prologue for function _msize
app.elf
 * 95.45 KB - Program size (code + initialized data).
 * 154.33 KB - Free for stack + heap.
[100%] Built target niosv-stack-report
[100%] Built target create-hex
[100%] Built target create-objdump
11:36:58 **** Incremental Build of configuration Debug for project app ****
"C:\\altera_lite\\25.1std\\riscfree\\build_tools\\bin\\make.exe" -j all 
[ 94%] Built target hal2_bsp
[ 96%] Built target app.elf
[ 97%] Reporting memory available for stack + heap in app.elf.
[ 98%] Built target create-objdump
[100%] Built target create-hex
TBBmalloc: skip allocation functions replacement in ucrtbase.dll: unknown prologue for function _msize
app.elf
 * 95.45 KB - Program size (code + initialized data).
 * 154.33 KB - Free for stack + heap.
[100%] Built target niosv-stack-report
11:38:52 **** Incremental Build of configuration Debug for project app ****
"C:\\altera_lite\\25.1std\\riscfree\\build_tools\\bin\\make.exe" -j all 
[ 94%] Built target hal2_bsp
[ 95%] Building C object CMakeFiles/app.elf.dir/fpga.c.obj
C:/Users/mespo/Desktop/School/SchoolThings/2025-2026/Term2/ELEX7660/fpga/software/app/fpga.c: In function 'main':
C:/Users/mespo/Desktop/School/SchoolThings/2025-2026/Term2/ELEX7660/fpga/software/app/fpga.c:34:37: error: invalid initializer
   34 |    int channel_1[channel_storage] = 0;
      |                                     ^
C:/Users/mespo/Desktop/School/SchoolThings/2025-2026/Term2/ELEX7660/fpga/software/app/fpga.c:49:16: error: 'buf' undeclared (first use in this function)
   49 |           if ( buf[j] & 0x8000 )
      |                ^~~
C:/Users/mespo/Desktop/School/SchoolThings/2025-2026/Term2/ELEX7660/fpga/software/app/fpga.c:49:16: note: each undeclared identifier is reported only once for each function it appears in
C:/Users/mespo/Desktop/School/SchoolThings/2025-2026/Term2/ELEX7660/fpga/software/app/fpga.c:34:8: warning: unused variable 'channel_1' [-Wunused-variable]
   34 |    int channel_1[channel_storage] = 0;
      |        ^~~~~~~~~
C:/Users/mespo/Desktop/School/SchoolThings/2025-2026/Term2/ELEX7660/fpga/software/app/fpga.c: At top level:
C:/Users/mespo/Desktop/School/SchoolThings/2025-2026/Term2/ELEX7660/fpga/software/app/fpga.c:20:19: error: expected identifier or '(' before numeric constant
   20 | #define read_buff 32
      |                   ^~
C:/Users/mespo/Desktop/School/SchoolThings/2025-2026/Term2/ELEX7660/fpga/software/app/fpga.c:62:6: note: in expansion of macro 'read_buff'
   62 | void read_buff(int &buf){
      |      ^~~~~~~~~
make[2]: *** [CMakeFiles/app.elf.dir/build.make:79: CMakeFiles/app.elf.dir/fpga.c.obj] Error 1
make[1]: *** [CMakeFiles/Makefile2:118: CMakeFiles/app.elf.dir/all] Error 2
make: *** [Makefile:91: all] Error 2
"C:/altera_lite/25.1std/riscfree/build_tools/bin/make.exe -j all" terminated with exit code 2. Build might be incomplete.
11:39:29 **** Incremental Build of configuration Debug for project app ****
"C:\\altera_lite\\25.1std\\riscfree\\build_tools\\bin\\make.exe" -j all 
[ 94%] Built target hal2_bsp
[ 95%] Building C object CMakeFiles/app.elf.dir/fpga.c.obj
C:/Users/mespo/Desktop/School/SchoolThings/2025-2026/Term2/ELEX7660/fpga/software/app/fpga.c: In function 'main':
C:/Users/mespo/Desktop/School/SchoolThings/2025-2026/Term2/ELEX7660/fpga/software/app/fpga.c:34:37: error: invalid initializer
   34 |    int channel_1[channel_storage] = 0;
      |                                     ^
C:/Users/mespo/Desktop/School/SchoolThings/2025-2026/Term2/ELEX7660/fpga/software/app/fpga.c:49:16: error: 'buf' undeclared (first use in this function)
   49 |           if ( buf[j] & 0x8000 )
      |                ^~~
C:/Users/mespo/Desktop/School/SchoolThings/2025-2026/Term2/ELEX7660/fpga/software/app/fpga.c:49:16: note: each undeclared identifier is reported only once for each function it appears in
C:/Users/mespo/Desktop/School/SchoolThings/2025-2026/Term2/ELEX7660/fpga/software/app/fpga.c:34:8: warning: unused variable 'channel_1' [-Wunused-variable]
   34 |    int channel_1[channel_storage] = 0;
      |        ^~~~~~~~~
C:/Users/mespo/Desktop/School/SchoolThings/2025-2026/Term2/ELEX7660/fpga/software/app/fpga.c: At top level:
C:/Users/mespo/Desktop/School/SchoolThings/2025-2026/Term2/ELEX7660/fpga/software/app/fpga.c:62:19: error: expected ';', ',' or ')' before '&' token
   62 | void readBuff(int &buf){
      |                   ^
make[2]: *** [CMakeFiles/app.elf.dir/build.make:79: CMakeFiles/app.elf.dir/fpga.c.obj] Error 1
make[1]: *** [CMakeFiles/Makefile2:118: CMakeFiles/app.elf.dir/all] Error 2
make: *** [Makefile:91: all] Error 2
"C:/altera_lite/25.1std/riscfree/build_tools/bin/make.exe -j all" terminated with exit code 2. Build might be incomplete.
11:40:01 **** Incremental Build of configuration Debug for project app ****
"C:\\altera_lite\\25.1std\\riscfree\\build_tools\\bin\\make.exe" -j all 
[ 94%] Built target hal2_bsp
[ 95%] Building C object CMakeFiles/app.elf.dir/fpga.c.obj
C:/Users/mespo/Desktop/School/SchoolThings/2025-2026/Term2/ELEX7660/fpga/software/app/fpga.c: In function 'main':
C:/Users/mespo/Desktop/School/SchoolThings/2025-2026/Term2/ELEX7660/fpga/software/app/fpga.c:34:37: error: invalid initializer
   34 |    int channel_1[channel_storage] = 0;
      |                                     ^
C:/Users/mespo/Desktop/School/SchoolThings/2025-2026/Term2/ELEX7660/fpga/software/app/fpga.c:49:16: error: 'buf' undeclared (first use in this function)
   49 |           if ( buf[j] & 0x8000 )
      |                ^~~
C:/Users/mespo/Desktop/School/SchoolThings/2025-2026/Term2/ELEX7660/fpga/software/app/fpga.c:49:16: note: each undeclared identifier is reported only once for each function it appears in
C:/Users/mespo/Desktop/School/SchoolThings/2025-2026/Term2/ELEX7660/fpga/software/app/fpga.c:34:8: warning: unused variable 'channel_1' [-Wunused-variable]
   34 |    int channel_1[channel_storage] = 0;
      |        ^~~~~~~~~
C:/Users/mespo/Desktop/School/SchoolThings/2025-2026/Term2/ELEX7660/fpga/software/app/fpga.c: At top level:
C:/Users/mespo/Desktop/School/SchoolThings/2025-2026/Term2/ELEX7660/fpga/software/app/fpga.c:62:19: error: expected ';', ',' or ')' before '&' token
   62 | void readBuff(int &buf){
      |                   ^
make[2]: *** [CMakeFiles/app.elf.dir/build.make:79: CMakeFiles/app.elf.dir/fpga.c.obj] Error 1
make[1]: *** [CMakeFiles/Makefile2:118: CMakeFiles/app.elf.dir/all] Error 2
make: *** [Makefile:91: all] Error 2
"C:/altera_lite/25.1std/riscfree/build_tools/bin/make.exe -j all" terminated with exit code 2. Build might be incomplete.
11:40:25 **** Incremental Build of configuration Debug for project app ****
"C:\\altera_lite\\25.1std\\riscfree\\build_tools\\bin\\make.exe" -j all 
[ 94%] Built target hal2_bsp
[ 95%] Building C object CMakeFiles/app.elf.dir/fpga.c.obj
C:/Users/mespo/Desktop/School/SchoolThings/2025-2026/Term2/ELEX7660/fpga/software/app/fpga.c: In function 'main':
C:/Users/mespo/Desktop/School/SchoolThings/2025-2026/Term2/ELEX7660/fpga/software/app/fpga.c:34:37: error: invalid initializer
   34 |    int channel_1[channel_storage] = 0;
      |                                     ^
C:/Users/mespo/Desktop/School/SchoolThings/2025-2026/Term2/ELEX7660/fpga/software/app/fpga.c:34:8: warning: unused variable 'channel_1' [-Wunused-variable]
   34 |    int channel_1[channel_storage] = 0;
      |        ^~~~~~~~~
make[2]: *** [CMakeFiles/app.elf.dir/build.make:79: CMakeFiles/app.elf.dir/fpga.c.obj] Error 1
make[1]: *** [CMakeFiles/Makefile2:118: CMakeFiles/app.elf.dir/all] Error 2
make: *** [Makefile:91: all] Error 2
"C:/altera_lite/25.1std/riscfree/build_tools/bin/make.exe -j all" terminated with exit code 2. Build might be incomplete.
11:40:31 **** Incremental Build of configuration Debug for project app ****
"C:\\altera_lite\\25.1std\\riscfree\\build_tools\\bin\\make.exe" -j all 
[ 94%] Built target hal2_bsp
[ 95%] Building C object CMakeFiles/app.elf.dir/fpga.c.obj
C:/Users/mespo/Desktop/School/SchoolThings/2025-2026/Term2/ELEX7660/fpga/software/app/fpga.c: In function 'main':
C:/Users/mespo/Desktop/School/SchoolThings/2025-2026/Term2/ELEX7660/fpga/software/app/fpga.c:34:37: error: invalid initializer
   34 |    int channel_1[channel_storage] = 0;
      |                                     ^
C:/Users/mespo/Desktop/School/SchoolThings/2025-2026/Term2/ELEX7660/fpga/software/app/fpga.c:34:8: warning: unused variable 'channel_1' [-Wunused-variable]
   34 |    int channel_1[channel_storage] = 0;
      |        ^~~~~~~~~
make[2]: *** [CMakeFiles/app.elf.dir/build.make:79: CMakeFiles/app.elf.dir/fpga.c.obj] Error 1
make[1]: *** [CMakeFiles/Makefile2:118: CMakeFiles/app.elf.dir/all] Error 2
make: *** [Makefile:91: all] Error 2
"C:/altera_lite/25.1std/riscfree/build_tools/bin/make.exe -j all" terminated with exit code 2. Build might be incomplete.
11:40:53 **** Incremental Build of configuration Debug for project app ****
"C:\\altera_lite\\25.1std\\riscfree\\build_tools\\bin\\make.exe" -j all 
[ 94%] Built target hal2_bsp
[ 95%] Building C object CMakeFiles/app.elf.dir/fpga.c.obj
C:/Users/mespo/Desktop/School/SchoolThings/2025-2026/Term2/ELEX7660/fpga/software/app/fpga.c: In function 'main':
C:/Users/mespo/Desktop/School/SchoolThings/2025-2026/Term2/ELEX7660/fpga/software/app/fpga.c:34:8: warning: unused variable 'channel_1' [-Wunused-variable]
   34 |    int channel_1[channel_storage];
      |        ^~~~~~~~~
[ 96%] Linking C executable app.elf
[ 96%] Built target app.elf
[ 97%] Creating app.elf.objdump.
[ 98%] Reporting memory available for stack + heap in app.elf.
[100%] Creating onchip_memory2_0.hex.
TBBmalloc: skip allocation functions replacement in ucrtbase.dll: unknown prologue for function _msize
app.elf
 * 95.45 KB - Program size (code + initialized data).
 * 154.33 KB - Free for stack + heap.
[100%] Built target niosv-stack-report
[100%] Built target create-hex
[100%] Built target create-objdump
11:42:35 **** Incremental Build of configuration Debug for project app ****
"C:\\altera_lite\\25.1std\\riscfree\\build_tools\\bin\\make.exe" -j all 
[ 94%] Built target hal2_bsp
[ 95%] Building C object CMakeFiles/app.elf.dir/fpga.c.obj
C:/Users/mespo/Desktop/School/SchoolThings/2025-2026/Term2/ELEX7660/fpga/software/app/fpga.c: In function 'main':
C:/Users/mespo/Desktop/School/SchoolThings/2025-2026/Term2/ELEX7660/fpga/software/app/fpga.c:55:41: warning: statement with no effect [-Wunused-value]
   55 |                   channel1[0] << buf[j] & 0xfff ;
      |                   ~~~~~~~~~~~~~~~~~~~~~~^~~~~~~
[ 96%] Linking C executable app.elf
[ 96%] Built target app.elf
[ 97%] Creating app.elf.objdump.
[ 98%] Reporting memory available for stack + heap in app.elf.
[100%] Creating onchip_memory2_0.hex.
TBBmalloc: skip allocation functions replacement in ucrtbase.dll: unknown prologue for function _msize
app.elf
 * 95.37 KB - Program size (code + initialized data).
 * 154.41 KB - Free for stack + heap.
[100%] Built target niosv-stack-report
[100%] Built target create-hex
[100%] Built target create-objdump
11:43:31 **** Incremental Build of configuration Debug for project app ****
"C:\\altera_lite\\25.1std\\riscfree\\build_tools\\bin\\make.exe" -j all 
[ 94%] Built target hal2_bsp
[ 96%] Built target app.elf
[ 97%] Built target create-objdump
[ 98%] Reporting memory available for stack + heap in app.elf.
[100%] Built target create-hex
TBBmalloc: skip allocation functions replacement in ucrtbase.dll: unknown prologue for function _msize
app.elf
 * 95.37 KB - Program size (code + initialized data).
 * 154.41 KB - Free for stack + heap.
[100%] Built target niosv-stack-report
11:44:16 **** Incremental Build of configuration Debug for project app ****
"C:\\altera_lite\\25.1std\\riscfree\\build_tools\\bin\\make.exe" -j all 
[ 94%] Built target hal2_bsp
[ 95%] Building C object CMakeFiles/app.elf.dir/fpga.c.obj
C:/Users/mespo/Desktop/School/SchoolThings/2025-2026/Term2/ELEX7660/fpga/software/app/fpga.c: In function 'main':
C:/Users/mespo/Desktop/School/SchoolThings/2025-2026/Term2/ELEX7660/fpga/software/app/fpga.c:55:41: warning: statement with no effect [-Wunused-value]
   55 |                   channel1[0] << buf[j] & 0xfff ;
      |                   ~~~~~~~~~~~~~~~~~~~~~~^~~~~~~
C:/Users/mespo/Desktop/School/SchoolThings/2025-2026/Term2/ELEX7660/fpga/software/app/fpga.c:57:63: warning: format '%d' expects argument of type 'int', but argument 2 has type 'int *' [-Wformat=]
   57 |       for ( int j=0 ; j<8 ; j++ ) printf(" Channel 1 inputs %5d",channel1) ;
      |                                                             ~~^  ~~~~~~~~
      |                                                               |  |
      |                                                               |  int *
      |                                                               int
      |                                                             %5ls
C:/Users/mespo/Desktop/School/SchoolThings/2025-2026/Term2/ELEX7660/fpga/software/app/fpga.c:47:11: warning: variable 'chval' set but not used [-Wunused-but-set-variable]
   47 |       int chval[8] ;
      |           ^~~~~
[ 96%] Linking C executable app.elf
[ 96%] Built target app.elf
[ 98%] Creating app.elf.objdump.
[ 98%] Reporting memory available for stack + heap in app.elf.
[100%] Creating onchip_memory2_0.hex.
TBBmalloc: skip allocation functions replacement in ucrtbase.dll: unknown prologue for function _msize
app.elf
 * 95.35 KB - Program size (code + initialized data).
 * 154.42 KB - Free for stack + heap.
[100%] Built target niosv-stack-report
[100%] Built target create-hex
[100%] Built target create-objdump
11:46:45 **** Incremental Build of configuration Debug for project app ****
"C:\\altera_lite\\25.1std\\riscfree\\build_tools\\bin\\make.exe" -j all 
[ 94%] Built target hal2_bsp
[ 95%] Building C object CMakeFiles/app.elf.dir/fpga.c.obj
C:/Users/mespo/Desktop/School/SchoolThings/2025-2026/Term2/ELEX7660/fpga/software/app/fpga.c: In function 'main':
C:/Users/mespo/Desktop/School/SchoolThings/2025-2026/Term2/ELEX7660/fpga/software/app/fpga.c:60:7: error: 'channel1' undeclared (first use in this function); did you mean 'channel_1'?
   60 |       channel1 = chval[0]-chval[1];
      |       ^~~~~~~~
      |       channel_1
C:/Users/mespo/Desktop/School/SchoolThings/2025-2026/Term2/ELEX7660/fpga/software/app/fpga.c:60:7: note: each undeclared identifier is reported only once for each function it appears in
C:/Users/mespo/Desktop/School/SchoolThings/2025-2026/Term2/ELEX7660/fpga/software/app/fpga.c:34:8: warning: variable 'channel_1' set but not used [-Wunused-but-set-variable]
   34 |    int channel_1[channel_storage];
      |        ^~~~~~~~~
make[2]: *** [CMakeFiles/app.elf.dir/build.make:79: CMakeFiles/app.elf.dir/fpga.c.obj] Error 1
make[1]: *** [CMakeFiles/Makefile2:118: CMakeFiles/app.elf.dir/all] Error 2
make: *** [Makefile:91: all] Error 2
"C:/altera_lite/25.1std/riscfree/build_tools/bin/make.exe -j all" terminated with exit code 2. Build might be incomplete.
11:46:58 **** Incremental Build of configuration Debug for project app ****
"C:\\altera_lite\\25.1std\\riscfree\\build_tools\\bin\\make.exe" -j all 
[ 94%] Built target hal2_bsp
[ 95%] Building C object CMakeFiles/app.elf.dir/fpga.c.obj
C:/Users/mespo/Desktop/School/SchoolThings/2025-2026/Term2/ELEX7660/fpga/software/app/fpga.c: In function 'main':
C:/Users/mespo/Desktop/School/SchoolThings/2025-2026/Term2/ELEX7660/fpga/software/app/fpga.c:60:16: error: assignment to expression with array type
   60 |       channel1 = chval[0]-chval[1];
      |                ^
C:/Users/mespo/Desktop/School/SchoolThings/2025-2026/Term2/ELEX7660/fpga/software/app/fpga.c:62:45: warning: format '%d' expects argument of type 'int', but argument 2 has type 'int *' [-Wformat=]
   62 |       for ( int j=0 ; j<8 ; j++ ) printf("%5d",channel1) ;
      |                                           ~~^  ~~~~~~~~
      |                                             |  |
      |                                             |  int *
      |                                             int
      |                                           %5ls
make[2]: *** [CMakeFiles/app.elf.dir/build.make:79: CMakeFiles/app.elf.dir/fpga.c.obj] Error 1
make[1]: *** [CMakeFiles/Makefile2:118: CMakeFiles/app.elf.dir/all] Error 2
make: *** [Makefile:91: all] Error 2
"C:/altera_lite/25.1std/riscfree/build_tools/bin/make.exe -j all" terminated with exit code 2. Build might be incomplete.
11:47:01 **** Incremental Build of configuration Debug for project app ****
"C:\\altera_lite\\25.1std\\riscfree\\build_tools\\bin\\make.exe" -j all 
[ 94%] Built target hal2_bsp
[ 95%] Building C object CMakeFiles/app.elf.dir/fpga.c.obj
C:/Users/mespo/Desktop/School/SchoolThings/2025-2026/Term2/ELEX7660/fpga/software/app/fpga.c: In function 'main':
C:/Users/mespo/Desktop/School/SchoolThings/2025-2026/Term2/ELEX7660/fpga/software/app/fpga.c:60:16: error: assignment to expression with array type
   60 |       channel1 = chval[0]-chval[1];
      |                ^
C:/Users/mespo/Desktop/School/SchoolThings/2025-2026/Term2/ELEX7660/fpga/software/app/fpga.c:62:45: warning: format '%d' expects argument of type 'int', but argument 2 has type 'int *' [-Wformat=]
   62 |       for ( int j=0 ; j<8 ; j++ ) printf("%5d",channel1) ;
      |                                           ~~^  ~~~~~~~~
      |                                             |  |
      |                                             |  int *
      |                                             int
      |                                           %5ls
make[2]: *** [CMakeFiles/app.elf.dir/build.make:79: CMakeFiles/app.elf.dir/fpga.c.obj] Error 1
make[1]: *** [CMakeFiles/Makefile2:118: CMakeFiles/app.elf.dir/all] Error 2
make: *** [Makefile:91: all] Error 2
"C:/altera_lite/25.1std/riscfree/build_tools/bin/make.exe -j all" terminated with exit code 2. Build might be incomplete.
11:48:51 **** Incremental Build of configuration Debug for project app ****
"C:\\altera_lite\\25.1std\\riscfree\\build_tools\\bin\\make.exe" -j all 
[ 94%] Built target hal2_bsp
[ 95%] Building C object CMakeFiles/app.elf.dir/fpga.c.obj
C:/Users/mespo/Desktop/School/SchoolThings/2025-2026/Term2/ELEX7660/fpga/software/app/fpga.c: In function 'main':
C:/Users/mespo/Desktop/School/SchoolThings/2025-2026/Term2/ELEX7660/fpga/software/app/fpga.c:60:16: error: invalid operands to binary << (have 'int *' and 'int *')
   60 |       channel1 << channel1 << (chval[0]-chval[1]);
      |       ~~~~~~~~ ^~
      |       |        |
      |       int *    int *
C:/Users/mespo/Desktop/School/SchoolThings/2025-2026/Term2/ELEX7660/fpga/software/app/fpga.c:62:45: warning: format '%d' expects argument of type 'int', but argument 2 has type 'int *' [-Wformat=]
   62 |       for ( int j=0 ; j<8 ; j++ ) printf("%5d",channel1) ;
      |                                           ~~^  ~~~~~~~~
      |                                             |  |
      |                                             |  int *
      |                                             int
      |                                           %5ls
make[2]: *** [CMakeFiles/app.elf.dir/build.make:79: CMakeFiles/app.elf.dir/fpga.c.obj] Error 1
make[1]: *** [CMakeFiles/Makefile2:118: CMakeFiles/app.elf.dir/all] Error 2
make: *** [Makefile:91: all] Error 2
"C:/altera_lite/25.1std/riscfree/build_tools/bin/make.exe -j all" terminated with exit code 2. Build might be incomplete.
11:50:20 **** Incremental Build of configuration Debug for project app ****
"C:\\altera_lite\\25.1std\\riscfree\\build_tools\\bin\\make.exe" -j all 
[ 94%] Built target hal2_bsp
[ 95%] Building C object CMakeFiles/app.elf.dir/fpga.c.obj
C:/Users/mespo/Desktop/School/SchoolThings/2025-2026/Term2/ELEX7660/fpga/software/app/fpga.c: In function 'main':
C:/Users/mespo/Desktop/School/SchoolThings/2025-2026/Term2/ELEX7660/fpga/software/app/fpga.c:62:27: error: invalid operands to binary << (have 'int *' and 'int')
   62 |       channel1 = channel1 << nibble;
      |                  ~~~~~~~~ ^~
      |                  |
      |                  int *
C:/Users/mespo/Desktop/School/SchoolThings/2025-2026/Term2/ELEX7660/fpga/software/app/fpga.c:63:17: error: expected ']' before ':' token
   63 |       channel1[3:0] = (chval[0]-chval[1]);
      |                 ^
      |                 ]
C:/Users/mespo/Desktop/School/SchoolThings/2025-2026/Term2/ELEX7660/fpga/software/app/fpga.c:65:45: warning: format '%d' expects argument of type 'int', but argument 2 has type 'int *' [-Wformat=]
   65 |       for ( int j=0 ; j<8 ; j++ ) printf("%5d",channel1) ;
      |                                           ~~^  ~~~~~~~~
      |                                             |  |
      |                                             |  int *
      |                                             int
      |                                           %5ls
make[2]: *** [CMakeFiles/app.elf.dir/build.make:79: CMakeFiles/app.elf.dir/fpga.c.obj] Error 1
make[1]: *** [CMakeFiles/Makefile2:118: CMakeFiles/app.elf.dir/all] Error 2
make: *** [Makefile:91: all] Error 2
"C:/altera_lite/25.1std/riscfree/build_tools/bin/make.exe -j all" terminated with exit code 2. Build might be incomplete.
11:50:52 **** Incremental Build of configuration Debug for project app ****
"C:\\altera_lite\\25.1std\\riscfree\\build_tools\\bin\\make.exe" -j all 
[ 94%] Built target hal2_bsp
[ 95%] Building C object CMakeFiles/app.elf.dir/fpga.c.obj
C:/Users/mespo/Desktop/School/SchoolThings/2025-2026/Term2/ELEX7660/fpga/software/app/fpga.c: In function 'main':
C:/Users/mespo/Desktop/School/SchoolThings/2025-2026/Term2/ELEX7660/fpga/software/app/fpga.c:62:27: error: invalid operands to binary << (have 'int *' and 'int')
   62 |       channel1 = channel1 << nibble;
      |                  ~~~~~~~~ ^~
      |                  |
      |                  int *
C:/Users/mespo/Desktop/School/SchoolThings/2025-2026/Term2/ELEX7660/fpga/software/app/fpga.c:65:45: warning: format '%d' expects argument of type 'int', but argument 2 has type 'int *' [-Wformat=]
   65 |       for ( int j=0 ; j<8 ; j++ ) printf("%5d",channel1) ;
      |                                           ~~^  ~~~~~~~~
      |                                             |  |
      |                                             |  int *
      |                                             int
      |                                           %5ls
make[2]: *** [CMakeFiles/app.elf.dir/build.make:79: CMakeFiles/app.elf.dir/fpga.c.obj] Error 1
make[1]: *** [CMakeFiles/Makefile2:118: CMakeFiles/app.elf.dir/all] Error 2
make: *** [Makefile:91: all] Error 2
"C:/altera_lite/25.1std/riscfree/build_tools/bin/make.exe -j all" terminated with exit code 2. Build might be incomplete.
11:57:45 **** Incremental Build of configuration Debug for project app ****
"C:\\altera_lite\\25.1std\\riscfree\\build_tools\\bin\\make.exe" -j all 
[ 94%] Built target hal2_bsp
[ 95%] Building C object CMakeFiles/app.elf.dir/fpga.c.obj
C:/Users/mespo/Desktop/School/SchoolThings/2025-2026/Term2/ELEX7660/fpga/software/app/fpga.c: In function 'main':
C:/Users/mespo/Desktop/School/SchoolThings/2025-2026/Term2/ELEX7660/fpga/software/app/fpga.c:62:27: error: invalid operands to binary << (have 'int *' and 'int')
   62 |       channel1 = channel1 << nibble;
      |                  ~~~~~~~~ ^~
      |                  |
      |                  int *
C:/Users/mespo/Desktop/School/SchoolThings/2025-2026/Term2/ELEX7660/fpga/software/app/fpga.c:65:45: warning: format '%d' expects argument of type 'int', but argument 2 has type 'int *' [-Wformat=]
   65 |       for ( int j=0 ; j<8 ; j++ ) printf("%5d",channel1) ;
      |                                           ~~^  ~~~~~~~~
      |                                             |  |
      |                                             |  int *
      |                                             int
      |                                           %5ls
make[2]: *** [CMakeFiles/app.elf.dir/build.make:79: CMakeFiles/app.elf.dir/fpga.c.obj] Error 1
make[1]: *** [CMakeFiles/Makefile2:118: CMakeFiles/app.elf.dir/all] Error 2
make: *** [Makefile:91: all] Error 2
"C:/altera_lite/25.1std/riscfree/build_tools/bin/make.exe -j all" terminated with exit code 2. Build might be incomplete.
11:59:22 **** Incremental Build of configuration Debug for project app ****
"C:\\altera_lite\\25.1std\\riscfree\\build_tools\\bin\\make.exe" -j all 
[ 94%] Built target hal2_bsp
[ 95%] Building C object CMakeFiles/app.elf.dir/fpga.c.obj
C:/Users/mespo/Desktop/School/SchoolThings/2025-2026/Term2/ELEX7660/fpga/software/app/fpga.c: In function 'main':
C:/Users/mespo/Desktop/School/SchoolThings/2025-2026/Term2/ELEX7660/fpga/software/app/fpga.c:61:15: error: invalid operands to binary << (have 'int *' and 'int')
   61 |       channel1<<1;
      |       ~~~~~~~~^~
      |       |
      |       int *
make[2]: *** [CMakeFiles/app.elf.dir/build.make:79: CMakeFiles/app.elf.dir/fpga.c.obj] Error 1
make[1]: *** [CMakeFiles/Makefile2:118: CMakeFiles/app.elf.dir/all] Error 2
make: *** [Makefile:91: all] Error 2
"C:/altera_lite/25.1std/riscfree/build_tools/bin/make.exe -j all" terminated with exit code 2. Build might be incomplete.
11:59:42 **** Incremental Build of configuration Debug for project app ****
"C:\\altera_lite\\25.1std\\riscfree\\build_tools\\bin\\make.exe" -j all 
[ 94%] Built target hal2_bsp
[ 95%] Building C object CMakeFiles/app.elf.dir/fpga.c.obj
C:/Users/mespo/Desktop/School/SchoolThings/2025-2026/Term2/ELEX7660/fpga/software/app/fpga.c: In function 'main':
C:/Users/mespo/Desktop/School/SchoolThings/2025-2026/Term2/ELEX7660/fpga/software/app/fpga.c:61:26: error: invalid operands to binary << (have 'int *' and 'int')
   61 |       channel1 = channel1<<1;
      |                  ~~~~~~~~^~
      |                  |
      |                  int *
make[2]: *** [CMakeFiles/app.elf.dir/build.make:79: CMakeFiles/app.elf.dir/fpga.c.obj] Error 1
make[1]: *** [CMakeFiles/Makefile2:118: CMakeFiles/app.elf.dir/all] Error 2
make: *** [Makefile:91: all] Error 2
"C:/altera_lite/25.1std/riscfree/build_tools/bin/make.exe -j all" terminated with exit code 2. Build might be incomplete.
12:01:51 **** Incremental Build of configuration Debug for project app ****
"C:\\altera_lite\\25.1std\\riscfree\\build_tools\\bin\\make.exe" -j all 
[ 94%] Built target hal2_bsp
[ 95%] Building C object CMakeFiles/app.elf.dir/fpga.c.obj
C:/Users/mespo/Desktop/School/SchoolThings/2025-2026/Term2/ELEX7660/fpga/software/app/fpga.c: In function 'main':
C:/Users/mespo/Desktop/School/SchoolThings/2025-2026/Term2/ELEX7660/fpga/software/app/fpga.c:63:38: error: expected ';' before 'channel1'
   63 |           channel1[i+1] = channel1[i]
      |                                      ^
      |                                      ;
   64 |       channel1[0] = (chval[0]-chval[1]);
      |       ~~~~~~~~                        
C:/Users/mespo/Desktop/School/SchoolThings/2025-2026/Term2/ELEX7660/fpga/software/app/fpga.c:50:11: warning: variable 'chval' set but not used [-Wunused-but-set-variable]
   50 |       int chval[8] ;
      |           ^~~~~
make[2]: *** [CMakeFiles/app.elf.dir/build.make:79: CMakeFiles/app.elf.dir/fpga.c.obj] Error 1
make[1]: *** [CMakeFiles/Makefile2:118: CMakeFiles/app.elf.dir/all] Error 2
make: *** [Makefile:91: all] Error 2
"C:/altera_lite/25.1std/riscfree/build_tools/bin/make.exe -j all" terminated with exit code 2. Build might be incomplete.
12:02:02 **** Incremental Build of configuration Debug for project app ****
"C:\\altera_lite\\25.1std\\riscfree\\build_tools\\bin\\make.exe" -j all 
[ 94%] Built target hal2_bsp
[ 95%] Building C object CMakeFiles/app.elf.dir/fpga.c.obj
[ 96%] Linking C executable app.elf
[ 96%] Built target app.elf
[ 97%] Creating app.elf.objdump.
[ 98%] Reporting memory available for stack + heap in app.elf.
[100%] Creating onchip_memory2_0.hex.
TBBmalloc: skip allocation functions replacement in ucrtbase.dll: unknown prologue for function _msize
app.elf
 * 95.57 KB - Program size (code + initialized data).
 * 154.20 KB - Free for stack + heap.
[100%] Built target niosv-stack-report
[100%] Built target create-hex
[100%] Built target create-objdump
12:10:37 **** Clean-only build of configuration Debug for project app ****
"C:\\altera_lite\\25.1std\\riscfree\\build_tools\\bin\\make.exe" -j clean 
12:10:40 **** Incremental Build of configuration Debug for project app ****
"C:\\altera_lite\\25.1std\\riscfree\\build_tools\\bin\\make.exe" -j all 
[  1%] Building ASM object bsp/CMakeFiles/hal2_bsp.dir/HAL/src/alt_ecc_exception_entry.S.obj
[  2%] Building ASM object bsp/CMakeFiles/hal2_bsp.dir/HAL/src/alt_log_macro.S.obj
[  3%] Building ASM object bsp/CMakeFiles/hal2_bsp.dir/HAL/src/alt_mcount.S.obj
[  4%] Building ASM object bsp/CMakeFiles/hal2_bsp.dir/HAL/src/alt_vic_vector_table.S.obj
[  5%] Building ASM object bsp/CMakeFiles/hal2_bsp.dir/HAL/src/crt0.S.obj
[  6%] Building ASM object bsp/CMakeFiles/hal2_bsp.dir/HAL/src/machine_trap.S.obj
[  7%] Building C object bsp/CMakeFiles/hal2_bsp.dir/HAL/src/alt_alarm_start.c.obj
[  8%] Building C object bsp/CMakeFiles/hal2_bsp.dir/HAL/src/alt_busy_sleep.c.obj
[  9%] Building C object bsp/CMakeFiles/hal2_bsp.dir/HAL/src/alt_close.c.obj
[ 10%] Building C object bsp/CMakeFiles/hal2_bsp.dir/HAL/src/alt_dcache_flush.c.obj
[ 11%] Building C object bsp/CMakeFiles/hal2_bsp.dir/HAL/src/alt_dcache_flush_all.c.obj
[ 12%] Building C object bsp/CMakeFiles/hal2_bsp.dir/HAL/src/alt_dcache_flush_no_writeback.c.obj
[ 13%] Building C object bsp/CMakeFiles/hal2_bsp.dir/HAL/src/alt_dev.c.obj
[ 15%] Building C object bsp/CMakeFiles/hal2_bsp.dir/HAL/src/alt_dev_llist_insert.c.obj
[ 15%] Building C object bsp/CMakeFiles/hal2_bsp.dir/HAL/src/alt_dma_rxchan_open.c.obj
[ 16%] Building C object bsp/CMakeFiles/hal2_bsp.dir/HAL/src/alt_dma_txchan_open.c.obj
[ 17%] Building C object bsp/CMakeFiles/hal2_bsp.dir/HAL/src/alt_do_ctors.c.obj
[ 18%] Building C object bsp/CMakeFiles/hal2_bsp.dir/HAL/src/alt_do_dtors.c.obj
[ 19%] Building C object bsp/CMakeFiles/hal2_bsp.dir/HAL/src/alt_ecc_error_inject.c.obj
[ 20%] Building C object bsp/CMakeFiles/hal2_bsp.dir/HAL/src/alt_ecc_exception.c.obj
[ 21%] Building C object bsp/CMakeFiles/hal2_bsp.dir/HAL/src/alt_env_lock.c.obj
[ 22%] Building C object bsp/CMakeFiles/hal2_bsp.dir/HAL/src/alt_environ.c.obj
[ 23%] Building C object bsp/CMakeFiles/hal2_bsp.dir/HAL/src/alt_errno.c.obj
[ 24%] Building C object bsp/CMakeFiles/hal2_bsp.dir/HAL/src/alt_execve.c.obj
[ 25%] Building C object bsp/CMakeFiles/hal2_bsp.dir/HAL/src/alt_fcntl.c.obj
[ 26%] Building C object bsp/CMakeFiles/hal2_bsp.dir/HAL/src/alt_exit.c.obj
[ 27%] Building C object bsp/CMakeFiles/hal2_bsp.dir/HAL/src/alt_fd_lock.c.obj
[ 28%] Building C object bsp/CMakeFiles/hal2_bsp.dir/HAL/src/alt_fd_unlock.c.obj
[ 29%] Building C object bsp/CMakeFiles/hal2_bsp.dir/HAL/src/alt_find_dev.c.obj
[ 30%] Building C object bsp/CMakeFiles/hal2_bsp.dir/HAL/src/alt_find_file.c.obj
[ 31%] Building C object bsp/CMakeFiles/hal2_bsp.dir/HAL/src/alt_get_fd.c.obj
[ 32%] Building C object bsp/CMakeFiles/hal2_bsp.dir/HAL/src/alt_fork.c.obj
[ 34%] Building C object bsp/CMakeFiles/hal2_bsp.dir/HAL/src/alt_flash_dev.c.obj
[ 36%] Building C object bsp/CMakeFiles/hal2_bsp.dir/HAL/src/alt_gettod.c.obj
[ 37%] Building C object bsp/CMakeFiles/hal2_bsp.dir/HAL/src/alt_fs_reg.c.obj
[ 37%] Building C object bsp/CMakeFiles/hal2_bsp.dir/HAL/src/alt_fstat.c.obj
[ 38%] Building C object bsp/CMakeFiles/hal2_bsp.dir/HAL/src/alt_irq_handler.c.obj
[ 39%] Building C object bsp/CMakeFiles/hal2_bsp.dir/HAL/src/alt_main.c.obj
[ 40%] Building C object bsp/CMakeFiles/hal2_bsp.dir/HAL/src/alt_gmon.c.obj
[ 41%] Building C object bsp/CMakeFiles/hal2_bsp.dir/HAL/src/alt_getpid.c.obj
[ 42%] Building C object bsp/CMakeFiles/hal2_bsp.dir/HAL/src/alt_open.c.obj
[ 43%] Building C object bsp/CMakeFiles/hal2_bsp.dir/HAL/src/alt_icache_flush_all.c.obj
[ 44%] Building C object bsp/CMakeFiles/hal2_bsp.dir/HAL/src/alt_ioctl.c.obj
[ 45%] Building C object bsp/CMakeFiles/hal2_bsp.dir/HAL/src/alt_log_printf.c.obj
[ 46%] Building C object bsp/CMakeFiles/hal2_bsp.dir/HAL/src/alt_isatty.c.obj
[ 47%] Building C object bsp/CMakeFiles/hal2_bsp.dir/HAL/src/alt_icache_flush.c.obj
[ 48%] Building C object bsp/CMakeFiles/hal2_bsp.dir/HAL/src/alt_putcharbuf.c.obj
[ 50%] Building C object bsp/CMakeFiles/hal2_bsp.dir/HAL/src/alt_printf.c.obj
[ 50%] Building C object bsp/CMakeFiles/hal2_bsp.dir/HAL/src/alt_load.c.obj
[ 51%] Building C object bsp/CMakeFiles/hal2_bsp.dir/HAL/src/alt_getchar.c.obj
[ 52%] Building C object bsp/CMakeFiles/hal2_bsp.dir/HAL/src/alt_iic_isr_register.c.obj
[ 53%] Building C object bsp/CMakeFiles/hal2_bsp.dir/HAL/src/alt_remap_cached.c.obj
[ 55%] Building C object bsp/CMakeFiles/hal2_bsp.dir/HAL/src/alt_iic.c.obj
[ 55%] Building C object bsp/CMakeFiles/hal2_bsp.dir/HAL/src/alt_lseek.c.obj
[ 56%] Building C object bsp/CMakeFiles/hal2_bsp.dir/HAL/src/alt_putstr.c.obj
[ 57%] Building C object bsp/CMakeFiles/hal2_bsp.dir/HAL/src/alt_malloc_lock.c.obj
[ 58%] Building C object bsp/CMakeFiles/hal2_bsp.dir/HAL/src/alt_io_redirect.c.obj
[ 59%] Building C object bsp/CMakeFiles/hal2_bsp.dir/HAL/src/alt_kill.c.obj
[ 60%] Building C object bsp/CMakeFiles/hal2_bsp.dir/HAL/src/alt_stat.c.obj
[ 61%] Building C object bsp/CMakeFiles/hal2_bsp.dir/HAL/src/alt_uncached_free.c.obj
[ 62%] Building C object bsp/CMakeFiles/hal2_bsp.dir/HAL/src/alt_settod.c.obj
[ 63%] Building C object bsp/CMakeFiles/hal2_bsp.dir/HAL/src/alt_remap_uncached.c.obj
[ 64%] Building C object bsp/CMakeFiles/hal2_bsp.dir/HAL/src/alt_link.c.obj
[ 65%] Building C object bsp/CMakeFiles/hal2_bsp.dir/HAL/src/alt_read.c.obj
[ 69%] Building C object bsp/CMakeFiles/hal2_bsp.dir/HAL/src/alt_rename.c.obj
[ 67%] Building C object bsp/CMakeFiles/hal2_bsp.dir/HAL/src/alt_putchar.c.obj
[ 68%] Building C object bsp/CMakeFiles/hal2_bsp.dir/HAL/src/alt_release_fd.c.obj
[ 70%] Building C object bsp/CMakeFiles/hal2_bsp.dir/HAL/src/alt_instruction_exception_register.c.obj
[ 71%] Building C object bsp/CMakeFiles/hal2_bsp.dir/HAL/src/alt_times.c.obj
[ 72%] Building C object bsp/CMakeFiles/hal2_bsp.dir/HAL/src/alt_wait.c.obj
[ 73%] Building C object bsp/CMakeFiles/hal2_bsp.dir/HAL/src/alt_uncached_malloc.c.obj
[ 75%] Building C object bsp/CMakeFiles/hal2_bsp.dir/HAL/src/alt_tick.c.obj
[ 75%] Building C object bsp/CMakeFiles/hal2_bsp.dir/HAL/src/alt_write.c.obj
[ 76%] Building C object bsp/CMakeFiles/hal2_bsp.dir/HAL/src/alt_vic_isr_wrapper.c.obj
[ 78%] Building C object bsp/CMakeFiles/hal2_bsp.dir/HAL/src/alt_tls.c.obj
[ 79%] Building C object bsp/CMakeFiles/hal2_bsp.dir/HAL/src/intel_fpga_api_cmn_dfl.c.obj
[ 77%] Building C object bsp/CMakeFiles/hal2_bsp.dir/HAL/src/alt_sbrk.c.obj
[ 80%] Building C object bsp/CMakeFiles/hal2_bsp.dir/HAL/src/alt_unlink.c.obj
[ 81%] Building C object bsp/CMakeFiles/hal2_bsp.dir/HAL/src/alt_usleep.c.obj
[ 82%] Building C object bsp/CMakeFiles/hal2_bsp.dir/HAL/src/intel_fpga_platform_api_niosv.c.obj
[ 83%] Building C object bsp/CMakeFiles/hal2_bsp.dir/HAL/src/intel_fpga_api_cmn_inf.c.obj
[ 84%] Building C object bsp/CMakeFiles/hal2_bsp.dir/HAL/src/intel_fpga_api_cmn_msg.c.obj
[ 85%] Building C object bsp/CMakeFiles/hal2_bsp.dir/HAL/src/intel_fpga_api_niosv.c.obj
[ 86%] Building C object bsp/CMakeFiles/hal2_bsp.dir/HAL/src/mtimer.c.obj
[ 87%] Building C object bsp/CMakeFiles/hal2_bsp.dir/alt_sys_init.c.obj
[ 88%] Building C object bsp/CMakeFiles/hal2_bsp.dir/drivers/src/altera_avalon_jtag_uart_fd.c.obj
[ 89%] Building C object bsp/CMakeFiles/hal2_bsp.dir/HAL/src/intel_niosv_irq.c.obj
[ 90%] Building C object bsp/CMakeFiles/hal2_bsp.dir/drivers/src/altera_avalon_jtag_uart_ioctl.c.obj
[ 92%] Building C object bsp/CMakeFiles/hal2_bsp.dir/drivers/src/altera_avalon_jtag_uart_init.c.obj
[ 91%] Building C object bsp/CMakeFiles/hal2_bsp.dir/drivers/src/altera_avalon_jtag_uart_write.c.obj
[ 93%] Building C object bsp/CMakeFiles/hal2_bsp.dir/drivers/src/altera_avalon_jtag_uart_read.c.obj
[ 94%] Linking C static library libhal2_bsp.a
[ 94%] Built target hal2_bsp
[ 95%] Building C object CMakeFiles/app.elf.dir/fpga.c.obj
[ 96%] Linking C executable app.elf
[ 96%] Built target app.elf
[ 97%] Creating onchip_memory2_0.hex.
[ 98%] Creating app.elf.objdump.
[100%] Reporting memory available for stack + heap in app.elf.
TBBmalloc: skip allocation functions replacement in ucrtbase.dll: unknown prologue for function _msize
app.elf
 * 95.57 KB - Program size (code + initialized data).
 * 154.20 KB - Free for stack + heap.
[100%] Built target create-hex
[100%] Built target niosv-stack-report
[100%] Built target create-objdump
12:11:18 **** Incremental Build of configuration Debug for project app ****
"C:\\altera_lite\\25.1std\\riscfree\\build_tools\\bin\\make.exe" -j all 
[ 94%] Built target hal2_bsp
[ 95%] Building C object CMakeFiles/app.elf.dir/fpga.c.obj
[ 96%] Linking C executable app.elf
[ 96%] Built target app.elf
[ 97%] Creating app.elf.objdump.
[ 98%] Reporting memory available for stack + heap in app.elf.
[100%] Creating onchip_memory2_0.hex.
TBBmalloc: skip allocation functions replacement in ucrtbase.dll: unknown prologue for function _msize
app.elf
 * 95.57 KB - Program size (code + initialized data).
 * 154.20 KB - Free for stack + heap.
[100%] Built target niosv-stack-report
[100%] Built target create-hex
[100%] Built target create-objdump
12:12:44 **** Incremental Build of configuration Debug for project app ****
"C:\\altera_lite\\25.1std\\riscfree\\build_tools\\bin\\make.exe" -j all 
[ 94%] Built target hal2_bsp
[ 95%] Building C object CMakeFiles/app.elf.dir/fpga.c.obj
[ 96%] Linking C executable app.elf
[ 96%] Built target app.elf
[ 97%] Creating app.elf.objdump.
[ 98%] Reporting memory available for stack + heap in app.elf.
[100%] Creating onchip_memory2_0.hex.
TBBmalloc: skip allocation functions replacement in ucrtbase.dll: unknown prologue for function _msize
app.elf
 * 95.57 KB - Program size (code + initialized data).
 * 154.20 KB - Free for stack + heap.
[100%] Built target niosv-stack-report
[100%] Built target create-hex
[100%] Built target create-objdump
12:13:12 **** Incremental Build of configuration Debug for project app ****
"C:\\altera_lite\\25.1std\\riscfree\\build_tools\\bin\\make.exe" -j all 
[ 94%] Built target hal2_bsp
[ 96%] Built target app.elf
[ 97%] Built target create-objdump
[ 98%] Reporting memory available for stack + heap in app.elf.
[100%] Built target create-hex
TBBmalloc: skip allocation functions replacement in ucrtbase.dll: unknown prologue for function _msize
app.elf
 * 95.57 KB - Program size (code + initialized data).
 * 154.20 KB - Free for stack + heap.
[100%] Built target niosv-stack-report
12:13:19 **** Incremental Build of configuration Debug for project app ****
"C:\\altera_lite\\25.1std\\riscfree\\build_tools\\bin\\make.exe" -j all 
[ 94%] Built target hal2_bsp
[ 96%] Built target app.elf
[ 97%] Built target create-objdump
[ 98%] Reporting memory available for stack + heap in app.elf.
[100%] Built target create-hex
TBBmalloc: skip allocation functions replacement in ucrtbase.dll: unknown prologue for function _msize
app.elf
 * 95.57 KB - Program size (code + initialized data).
 * 154.20 KB - Free for stack + heap.
[100%] Built target niosv-stack-report
12:14:04 **** Incremental Build of configuration Debug for project app ****
"C:\\altera_lite\\25.1std\\riscfree\\build_tools\\bin\\make.exe" -j all 
[ 94%] Built target hal2_bsp
[ 95%] Building C object CMakeFiles/app.elf.dir/fpga.c.obj
[ 96%] Linking C executable app.elf
[ 96%] Built target app.elf
[ 97%] Creating app.elf.objdump.
[ 98%] Reporting memory available for stack + heap in app.elf.
[100%] Creating onchip_memory2_0.hex.
TBBmalloc: skip allocation functions replacement in ucrtbase.dll: unknown prologue for function _msize
app.elf
 * 95.60 KB - Program size (code + initialized data).
 * 154.17 KB - Free for stack + heap.
[100%] Built target niosv-stack-report
[100%] Built target create-hex
[100%] Built target create-objdump
12:15:15 **** Incremental Build of configuration Debug for project app ****
"C:\\altera_lite\\25.1std\\riscfree\\build_tools\\bin\\make.exe" -j all 
[ 94%] Built target hal2_bsp
[ 95%] Building C object CMakeFiles/app.elf.dir/fpga.c.obj
[ 96%] Linking C executable app.elf
[ 96%] Built target app.elf
[ 97%] Creating app.elf.objdump.
[ 98%] Reporting memory available for stack + heap in app.elf.
[100%] Creating onchip_memory2_0.hex.
TBBmalloc: skip allocation functions replacement in ucrtbase.dll: unknown prologue for function _msize
app.elf
 * 95.62 KB - Program size (code + initialized data).
 * 154.16 KB - Free for stack + heap.
[100%] Built target niosv-stack-report
[100%] Built target create-hex
[100%] Built target create-objdump
12:15:22 **** Incremental Build of configuration Debug for project app ****
"C:\\altera_lite\\25.1std\\riscfree\\build_tools\\bin\\make.exe" -j all 
[ 94%] Built target hal2_bsp
[ 96%] Built target app.elf
[ 97%] Built target create-objdump
[ 98%] Reporting memory available for stack + heap in app.elf.
[100%] Built target create-hex
TBBmalloc: skip allocation functions replacement in ucrtbase.dll: unknown prologue for function _msize
app.elf
 * 95.62 KB - Program size (code + initialized data).
 * 154.16 KB - Free for stack + heap.
[100%] Built target niosv-stack-report
12:16:14 **** Incremental Build of configuration Debug for project app ****
"C:\\altera_lite\\25.1std\\riscfree\\build_tools\\bin\\make.exe" -j all 
[ 94%] Built target hal2_bsp
[ 95%] Building C object CMakeFiles/app.elf.dir/fpga.c.obj
[ 96%] Linking C executable app.elf
[ 96%] Built target app.elf
[ 97%] Creating app.elf.objdump.
[ 98%] Reporting memory available for stack + heap in app.elf.
[100%] Creating onchip_memory2_0.hex.
TBBmalloc: skip allocation functions replacement in ucrtbase.dll: unknown prologue for function _msize
app.elf
 * 95.62 KB - Program size (code + initialized data).
 * 154.16 KB - Free for stack + heap.
[100%] Built target niosv-stack-report
[100%] Built target create-hex
[100%] Built target create-objdump
12:17:11 **** Incremental Build of configuration Debug for project app ****
"C:\\altera_lite\\25.1std\\riscfree\\build_tools\\bin\\make.exe" -j all 
[ 94%] Built target hal2_bsp
[ 95%] Building C object CMakeFiles/app.elf.dir/fpga.c.obj
[ 96%] Linking C executable app.elf
[ 96%] Built target app.elf
[ 97%] Creating app.elf.objdump.
[ 98%] Reporting memory available for stack + heap in app.elf.
[100%] Creating onchip_memory2_0.hex.
TBBmalloc: skip allocation functions replacement in ucrtbase.dll: unknown prologue for function _msize
app.elf
 * 95.62 KB - Program size (code + initialized data).
 * 154.16 KB - Free for stack + heap.
[100%] Built target niosv-stack-report
[100%] Built target create-hex
[100%] Built target create-objdump
12:27:06 **** Incremental Build of configuration Debug for project app ****
"C:\\altera_lite\\25.1std\\riscfree\\build_tools\\bin\\make.exe" -j all 
[ 94%] Built target hal2_bsp
[ 95%] Building C object CMakeFiles/app.elf.dir/fpga.c.obj
C:/Users/mespo/Desktop/School/SchoolThings/2025-2026/Term2/ELEX7660/fpga/software/app/fpga.c: In function 'main':
C:/Users/mespo/Desktop/School/SchoolThings/2025-2026/Term2/ELEX7660/fpga/software/app/fpga.c:66:58: warning: format '%d' expects argument of type 'int', but argument 2 has type 'double' [-Wformat=]
   66 |       for ( int j=0 ; j< channel_storage; j++ ) printf("%d\n",channel1[j]) ;
      |                                                         ~^    ~~~~~~~~~~~
      |                                                          |            |
      |                                                          int          double
      |                                                         %f
[ 96%] Linking C executable app.elf
[ 96%] Built target app.elf
[ 97%] Creating app.elf.objdump.
[ 98%] Reporting memory available for stack + heap in app.elf.
[100%] Creating onchip_memory2_0.hex.
TBBmalloc: skip allocation functions replacement in ucrtbase.dll: unknown prologue for function _msize
app.elf
 * 96.17 KB - Program size (code + initialized data).
 * 153.61 KB - Free for stack + heap.
[100%] Built target niosv-stack-report
[100%] Built target create-hex
[100%] Built target create-objdump
12:27:10 **** Incremental Build of configuration Debug for project app ****
"C:\\altera_lite\\25.1std\\riscfree\\build_tools\\bin\\make.exe" -j all 
[ 94%] Built target hal2_bsp
[ 96%] Built target app.elf
[ 97%] Built target create-objdump
[ 98%] Reporting memory available for stack + heap in app.elf.
[100%] Built target create-hex
TBBmalloc: skip allocation functions replacement in ucrtbase.dll: unknown prologue for function _msize
app.elf
 * 96.17 KB - Program size (code + initialized data).
 * 153.61 KB - Free for stack + heap.
[100%] Built target niosv-stack-report
12:27:52 **** Incremental Build of configuration Debug for project app ****
"C:\\altera_lite\\25.1std\\riscfree\\build_tools\\bin\\make.exe" -j all 
[ 94%] Built target hal2_bsp
[ 95%] Building C object CMakeFiles/app.elf.dir/fpga.c.obj
C:/Users/mespo/Desktop/School/SchoolThings/2025-2026/Term2/ELEX7660/fpga/software/app/fpga.c: In function 'main':
C:/Users/mespo/Desktop/School/SchoolThings/2025-2026/Term2/ELEX7660/fpga/software/app/fpga.c:66:58: warning: format '%d' expects argument of type 'int', but argument 2 has type 'double' [-Wformat=]
   66 |       for ( int j=0 ; j< channel_storage; j++ ) printf("%d\n",channel1[j]) ;
      |                                                         ~^    ~~~~~~~~~~~
      |                                                          |            |
      |                                                          int          double
      |                                                         %f
[ 96%] Linking C executable app.elf
[ 96%] Built target app.elf
[ 97%] Creating app.elf.objdump.
[ 98%] Reporting memory available for stack + heap in app.elf.
[100%] Creating onchip_memory2_0.hex.
TBBmalloc: skip allocation functions replacement in ucrtbase.dll: unknown prologue for function _msize
app.elf
 * 96.15 KB - Program size (code + initialized data).
 * 153.62 KB - Free for stack + heap.
[100%] Built target niosv-stack-report
[100%] Built target create-hex
[100%] Built target create-objdump
12:28:08 **** Incremental Build of configuration Debug for project app ****
"C:\\altera_lite\\25.1std\\riscfree\\build_tools\\bin\\make.exe" -j all 
[ 94%] Built target hal2_bsp
[ 95%] Building C object CMakeFiles/app.elf.dir/fpga.c.obj
C:/Users/mespo/Desktop/School/SchoolThings/2025-2026/Term2/ELEX7660/fpga/software/app/fpga.c: In function 'main':
C:/Users/mespo/Desktop/School/SchoolThings/2025-2026/Term2/ELEX7660/fpga/software/app/fpga.c:66:58: warning: format '%d' expects argument of type 'int', but argument 2 has type 'double' [-Wformat=]
   66 |       for ( int j=0 ; j< channel_storage; j++ ) printf("%d",channel1[j]) ;
      |                                                         ~^  ~~~~~~~~~~~
      |                                                          |          |
      |                                                          int        double
      |                                                         %f
[ 96%] Linking C executable app.elf
[ 96%] Built target app.elf
[ 97%] Creating app.elf.objdump.
[ 98%] Reporting memory available for stack + heap in app.elf.
[100%] Creating onchip_memory2_0.hex.
TBBmalloc: skip allocation functions replacement in ucrtbase.dll: unknown prologue for function _msize
app.elf
 * 96.15 KB - Program size (code + initialized data).
 * 153.62 KB - Free for stack + heap.
[100%] Built target niosv-stack-report
[100%] Built target create-hex
[100%] Built target create-objdump
12:29:49 **** Incremental Build of configuration Debug for project app ****
"C:\\altera_lite\\25.1std\\riscfree\\build_tools\\bin\\make.exe" -j all 
[ 94%] Built target hal2_bsp
[ 95%] Building C object CMakeFiles/app.elf.dir/fpga.c.obj
C:/Users/mespo/Desktop/School/SchoolThings/2025-2026/Term2/ELEX7660/fpga/software/app/fpga.c: In function 'main':
C:/Users/mespo/Desktop/School/SchoolThings/2025-2026/Term2/ELEX7660/fpga/software/app/fpga.c:66:58: warning: format '%d' expects argument of type 'int', but argument 2 has type 'double' [-Wformat=]
   66 |       for ( int j=0 ; j< channel_storage; j++ ) printf("%d",channel1[j]) ;
      |                                                         ~^  ~~~~~~~~~~~
      |                                                          |          |
      |                                                          int        double
      |                                                         %f
[ 96%] Linking C executable app.elf
[ 96%] Built target app.elf
[ 97%] Reporting memory available for stack + heap in app.elf.
[ 98%] Creating app.elf.objdump.
[100%] Creating onchip_memory2_0.hex.
TBBmalloc: skip allocation functions replacement in ucrtbase.dll: unknown prologue for function _msize
app.elf
 * 96.16 KB - Program size (code + initialized data).
 * 153.61 KB - Free for stack + heap.
[100%] Built target niosv-stack-report
[100%] Built target create-hex
[100%] Built target create-objdump
12:30:42 **** Incremental Build of configuration Debug for project app ****
"C:\\altera_lite\\25.1std\\riscfree\\build_tools\\bin\\make.exe" -j all 
[ 94%] Built target hal2_bsp
[ 95%] Building C object CMakeFiles/app.elf.dir/fpga.c.obj
[ 96%] Linking C executable app.elf
[ 96%] Built target app.elf
[ 97%] Creating app.elf.objdump.
[ 98%] Reporting memory available for stack + heap in app.elf.
[100%] Creating onchip_memory2_0.hex.
TBBmalloc: skip allocation functions replacement in ucrtbase.dll: unknown prologue for function _msize
app.elf
 * 95.61 KB - Program size (code + initialized data).
 * 154.16 KB - Free for stack + heap.
[100%] Built target niosv-stack-report
[100%] Built target create-hex
[100%] Built target create-objdump
12:31:23 **** Incremental Build of configuration Debug for project app ****
"C:\\altera_lite\\25.1std\\riscfree\\build_tools\\bin\\make.exe" -j all 
[ 94%] Built target hal2_bsp
[ 95%] Building C object CMakeFiles/app.elf.dir/fpga.c.obj
[ 96%] Linking C executable app.elf
[ 96%] Built target app.elf
[ 97%] Reporting memory available for stack + heap in app.elf.
[ 98%] Creating app.elf.objdump.
[100%] Creating onchip_memory2_0.hex.
TBBmalloc: skip allocation functions replacement in ucrtbase.dll: unknown prologue for function _msize
app.elf
 * 95.61 KB - Program size (code + initialized data).
 * 154.16 KB - Free for stack + heap.
[100%] Built target niosv-stack-report
[100%] Built target create-hex
[100%] Built target create-objdump
12:35:32 **** Incremental Build of configuration Debug for project app ****
"C:\\altera_lite\\25.1std\\riscfree\\build_tools\\bin\\make.exe" -j all 
[ 94%] Built target hal2_bsp
[ 95%] Building C object CMakeFiles/app.elf.dir/fpga.c.obj
[ 96%] Linking C executable app.elf
[ 96%] Built target app.elf
[ 97%] Creating app.elf.objdump.
[ 98%] Reporting memory available for stack + heap in app.elf.
[100%] Creating onchip_memory2_0.hex.
TBBmalloc: skip allocation functions replacement in ucrtbase.dll: unknown prologue for function _msize
app.elf
 * 95.61 KB - Program size (code + initialized data).
 * 154.16 KB - Free for stack + heap.
[100%] Built target niosv-stack-report
[100%] Built target create-hex
[100%] Built target create-objdump
12:39:28 **** Incremental Build of configuration Debug for project app ****
"C:\\altera_lite\\25.1std\\riscfree\\build_tools\\bin\\make.exe" -j all 
[ 94%] Built target hal2_bsp
[ 95%] Building C object CMakeFiles/app.elf.dir/fpga.c.obj
[ 96%] Linking C executable app.elf
[ 96%] Built target app.elf
[ 97%] Creating app.elf.objdump.
[ 98%] Reporting memory available for stack + heap in app.elf.
[100%] Creating onchip_memory2_0.hex.
TBBmalloc: skip allocation functions replacement in ucrtbase.dll: unknown prologue for function _msize
[100%] Built target create-hex
[100%] Built target create-objdump
app.elf
 * 95.61 KB - Program size (code + initialized data).
 * 154.16 KB - Free for stack + heap.
[100%] Built target niosv-stack-report
12:42:51 **** Incremental Build of configuration Debug for project app ****
"C:\\altera_lite\\25.1std\\riscfree\\build_tools\\bin\\make.exe" -j all 
[ 94%] Built target hal2_bsp
[ 95%] Building C object CMakeFiles/app.elf.dir/fpga.c.obj
C:/Users/mespo/Desktop/School/SchoolThings/2025-2026/Term2/ELEX7660/fpga/software/app/fpga.c:23:1: error: unknown type name 'class'
   23 | class buffer{
      | ^~~~~
C:/Users/mespo/Desktop/School/SchoolThings/2025-2026/Term2/ELEX7660/fpga/software/app/fpga.c:23:13: error: expected '=', ',', ';', 'asm' or '__attribute__' before '{' token
   23 | class buffer{
      |             ^
make[2]: *** [CMakeFiles/app.elf.dir/build.make:79: CMakeFiles/app.elf.dir/fpga.c.obj] Error 1
make[1]: *** [CMakeFiles/Makefile2:118: CMakeFiles/app.elf.dir/all] Error 2
make: *** [Makefile:91: all] Error 2
"C:/altera_lite/25.1std/riscfree/build_tools/bin/make.exe -j all" terminated with exit code 2. Build might be incomplete.
12:43:02 **** Incremental Build of configuration Debug for project app ****
"C:\\altera_lite\\25.1std\\riscfree\\build_tools\\bin\\make.exe" -j all 
[ 94%] Built target hal2_bsp
[ 95%] Building C object CMakeFiles/app.elf.dir/fpga.c.obj
[ 96%] Linking C executable app.elf
[ 96%] Built target app.elf
[ 97%] Creating app.elf.objdump.
[ 98%] Reporting memory available for stack + heap in app.elf.
[100%] Creating onchip_memory2_0.hex.
TBBmalloc: skip allocation functions replacement in ucrtbase.dll: unknown prologue for function _msize
app.elf
 * 95.61 KB - Program size (code + initialized data).
 * 154.16 KB - Free for stack + heap.
[100%] Built target niosv-stack-report
[100%] Built target create-hex
[100%] Built target create-objdump
12:44:23 **** Incremental Build of configuration Debug for project app ****
"C:\\altera_lite\\25.1std\\riscfree\\build_tools\\bin\\make.exe" -j all 
[ 94%] Built target hal2_bsp
[ 95%] Building C object CMakeFiles/app.elf.dir/fpga.c.obj
C:/Users/mespo/Desktop/School/SchoolThings/2025-2026/Term2/ELEX7660/fpga/software/app/fpga.c:74:40: error: expected ';', ',' or ')' before '&' token
   74 | void shiftchannel(int[channel_storage] &channel, int value){
      |                                        ^
make[2]: *** [CMakeFiles/app.elf.dir/build.make:79: CMakeFiles/app.elf.dir/fpga.c.obj] Error 1
make[1]: *** [CMakeFiles/Makefile2:118: CMakeFiles/app.elf.dir/all] Error 2
make: *** [Makefile:91: all] Error 2
"C:/altera_lite/25.1std/riscfree/build_tools/bin/make.exe -j all" terminated with exit code 2. Build might be incomplete.
12:45:26 **** Incremental Build of configuration Debug for project app ****
"C:\\altera_lite\\25.1std\\riscfree\\build_tools\\bin\\make.exe" -j all 
[ 94%] Built target hal2_bsp
[ 95%] Building C object CMakeFiles/app.elf.dir/fpga.c.obj
C:/Users/mespo/Desktop/School/SchoolThings/2025-2026/Term2/ELEX7660/fpga/software/app/fpga.c:74:40: error: expected ';', ',' or ')' before '*' token
   74 | void shiftchannel(int[channel_storage] *channel, int value){
      |                                        ^
make[2]: *** [CMakeFiles/app.elf.dir/build.make:79: CMakeFiles/app.elf.dir/fpga.c.obj] Error 1
make[1]: *** [CMakeFiles/Makefile2:118: CMakeFiles/app.elf.dir/all] Error 2
make: *** [Makefile:91: all] Error 2
"C:/altera_lite/25.1std/riscfree/build_tools/bin/make.exe -j all" terminated with exit code 2. Build might be incomplete.
12:50:00 **** Incremental Build of configuration Debug for project app ****
"C:\\altera_lite\\25.1std\\riscfree\\build_tools\\bin\\make.exe" -j all 
[ 94%] Built target hal2_bsp
[ 95%] Building C object CMakeFiles/app.elf.dir/fpga.c.obj
[ 96%] Linking C executable app.elf
[ 96%] Built target app.elf
[ 97%] Creating app.elf.objdump.
[ 98%] Reporting memory available for stack + heap in app.elf.
[100%] Creating onchip_memory2_0.hex.
TBBmalloc: skip allocation functions replacement in ucrtbase.dll: unknown prologue for function _msize
app.elf
 * 95.61 KB - Program size (code + initialized data).
 * 154.16 KB - Free for stack + heap.
[100%] Built target niosv-stack-report
[100%] Built target create-hex
[100%] Built target create-objdump
