Analysis & Synthesis report for fpga-oscilliscope
Wed Apr  8 18:32:22 2026
Quartus Prime Version 25.1std.0 Build 1129 10/21/2025 SC Lite Edition


---------------------
; Table of Contents ;
---------------------
  1. Legal Notice
  2. Analysis & Synthesis Summary
  3. Analysis & Synthesis Settings
  4. Parallel Compilation
  5. Analysis & Synthesis Source Files Read
  6. Analysis & Synthesis Resource Usage Summary
  7. Analysis & Synthesis Resource Utilization by Entity
  8. Analysis & Synthesis RAM Summary
  9. Analysis & Synthesis DSP Block Usage Summary
 10. Analysis & Synthesis IP Cores Summary
 11. Registers Removed During Synthesis
 12. Removed Registers Triggering Further Register Optimizations
 13. General Register Statistics
 14. Multiplexer Restructuring Statistics (Restructuring Performed)
 15. Source assignments for dual_port_ram:dp_0|altsyncram:altsyncram_component|altsyncram_88r1:auto_generated
 16. Parameter Settings for User Entity Instance: clkdiv:c_1k
 17. Parameter Settings for User Entity Instance: clkdiv:c_vga
 18. Parameter Settings for User Entity Instance: input_control:input_0
 19. Parameter Settings for User Entity Instance: trigger:trig_0
 20. Parameter Settings for User Entity Instance: dual_port_ram:dp_0|altsyncram:altsyncram_component
 21. Parameter Settings for User Entity Instance: waveform_renderer:wve0
 22. Parameter Settings for User Entity Instance: vgacontroller:vga0|horizontal_counter:hcounter
 23. Parameter Settings for User Entity Instance: vgacontroller:vga0|vertical_counter:vcounter
 24. Parameter Settings for Inferred Entity Instance: waveform_renderer:wve0|lpm_divide:Div1
 25. Parameter Settings for Inferred Entity Instance: waveform_renderer:wve0|lpm_divide:Div0
 26. altsyncram Parameter Settings by Entity Instance
 27. Port Connectivity Checks: "vgacontroller:vga0"
 28. Port Connectivity Checks: "dual_port_ram:dp_0"
 29. Port Connectivity Checks: "ltc2308:ltc2308_0"
 30. Post-Synthesis Netlist Statistics for Top Partition
 31. Elapsed Time Per Partition
 32. Analysis & Synthesis Messages



----------------
; Legal Notice ;
----------------
Copyright (C) 2025  Altera Corporation. All rights reserved.
Your use of Altera Corporation's design tools, logic functions 
and other software and tools, and any partner logic 
functions, and any output files from any of the foregoing 
(including device programming or simulation files), and any 
associated documentation or information are expressly subject 
to the terms and conditions of the Altera Program License 
Subscription Agreement, the Altera Quartus Prime License Agreement,
the Altera IP License Agreement, or other applicable license
agreement, including, without limitation, that your use is for
the sole purpose of programming logic devices manufactured by
Altera and sold by Altera or its authorized distributors.  Please
refer to the Altera Software License Subscription Agreements 
on the Quartus Prime software download page.



+-----------------------------------------------------------------------------------+
; Analysis & Synthesis Summary                                                      ;
+---------------------------------+-------------------------------------------------+
; Analysis & Synthesis Status     ; Successful - Wed Apr  8 18:32:22 2026           ;
; Quartus Prime Version           ; 25.1std.0 Build 1129 10/21/2025 SC Lite Edition ;
; Revision Name                   ; fpga-oscilliscope                               ;
; Top-level Entity Name           ; oscilliscope_top                                ;
; Family                          ; Cyclone V                                       ;
; Logic utilization (in ALMs)     ; N/A                                             ;
; Total registers                 ; 207                                             ;
; Total pins                      ; 27                                              ;
; Total virtual pins              ; 0                                               ;
; Total block memory bits         ; 264                                             ;
; Total DSP Blocks                ; 4                                               ;
; Total HSSI RX PCSs              ; 0                                               ;
; Total HSSI PMA RX Deserializers ; 0                                               ;
; Total HSSI TX PCSs              ; 0                                               ;
; Total HSSI PMA TX Serializers   ; 0                                               ;
; Total PLLs                      ; 0                                               ;
; Total DLLs                      ; 0                                               ;
+---------------------------------+-------------------------------------------------+


+---------------------------------------------------------------------------------------------------------------------------+
; Analysis & Synthesis Settings                                                                                             ;
+---------------------------------------------------------------------------------+--------------------+--------------------+
; Option                                                                          ; Setting            ; Default Value      ;
+---------------------------------------------------------------------------------+--------------------+--------------------+
; Device                                                                          ; 5CSEMA4U23C6       ;                    ;
; Top-level entity name                                                           ; oscilliscope_top   ; fpga-oscilliscope  ;
; Family name                                                                     ; Cyclone V          ; Cyclone V          ;
; Use smart compilation                                                           ; Off                ; Off                ;
; Enable parallel Assembler and Timing Analyzer during compilation                ; On                 ; On                 ;
; Enable compact report table                                                     ; Off                ; Off                ;
; Restructure Multiplexers                                                        ; Auto               ; Auto               ;
; MLAB Add Timing Constraints For Mixed-Port Feed-Through Mode Setting Don't Care ; Off                ; Off                ;
; Create Debugging Nodes for IP Cores                                             ; Off                ; Off                ;
; Preserve fewer node names                                                       ; On                 ; On                 ;
; Intel FPGA IP Evaluation Mode                                                   ; Enable             ; Enable             ;
; Verilog Version                                                                 ; Verilog_2001       ; Verilog_2001       ;
; VHDL Version                                                                    ; VHDL_1993          ; VHDL_1993          ;
; State Machine Processing                                                        ; Auto               ; Auto               ;
; Safe State Machine                                                              ; Off                ; Off                ;
; Extract Verilog State Machines                                                  ; On                 ; On                 ;
; Extract VHDL State Machines                                                     ; On                 ; On                 ;
; Ignore Verilog initial constructs                                               ; Off                ; Off                ;
; Iteration limit for constant Verilog loops                                      ; 5000               ; 5000               ;
; Iteration limit for non-constant Verilog loops                                  ; 250                ; 250                ;
; Add Pass-Through Logic to Inferred RAMs                                         ; On                 ; On                 ;
; Infer RAMs from Raw Logic                                                       ; On                 ; On                 ;
; Parallel Synthesis                                                              ; On                 ; On                 ;
; DSP Block Balancing                                                             ; Auto               ; Auto               ;
; NOT Gate Push-Back                                                              ; On                 ; On                 ;
; Power-Up Don't Care                                                             ; On                 ; On                 ;
; Remove Redundant Logic Cells                                                    ; Off                ; Off                ;
; Remove Duplicate Registers                                                      ; On                 ; On                 ;
; Ignore CARRY Buffers                                                            ; Off                ; Off                ;
; Ignore CASCADE Buffers                                                          ; Off                ; Off                ;
; Ignore GLOBAL Buffers                                                           ; Off                ; Off                ;
; Ignore ROW GLOBAL Buffers                                                       ; Off                ; Off                ;
; Ignore LCELL Buffers                                                            ; Off                ; Off                ;
; Ignore SOFT Buffers                                                             ; On                 ; On                 ;
; Limit AHDL Integers to 32 Bits                                                  ; Off                ; Off                ;
; Optimization Technique                                                          ; Balanced           ; Balanced           ;
; Carry Chain Length                                                              ; 70                 ; 70                 ;
; Auto Carry Chains                                                               ; On                 ; On                 ;
; Auto Open-Drain Pins                                                            ; On                 ; On                 ;
; Perform WYSIWYG Primitive Resynthesis                                           ; Off                ; Off                ;
; Auto ROM Replacement                                                            ; On                 ; On                 ;
; Auto RAM Replacement                                                            ; On                 ; On                 ;
; Auto DSP Block Replacement                                                      ; On                 ; On                 ;
; Auto Shift Register Replacement                                                 ; Auto               ; Auto               ;
; Allow Shift Register Merging across Hierarchies                                 ; Auto               ; Auto               ;
; Auto Clock Enable Replacement                                                   ; On                 ; On                 ;
; Strict RAM Replacement                                                          ; Off                ; Off                ;
; Allow Synchronous Control Signals                                               ; On                 ; On                 ;
; Force Use of Synchronous Clear Signals                                          ; Off                ; Off                ;
; Auto Resource Sharing                                                           ; Off                ; Off                ;
; Allow Any RAM Size For Recognition                                              ; Off                ; Off                ;
; Allow Any ROM Size For Recognition                                              ; Off                ; Off                ;
; Allow Any Shift Register Size For Recognition                                   ; Off                ; Off                ;
; Use LogicLock Constraints during Resource Balancing                             ; On                 ; On                 ;
; Ignore translate_off and synthesis_off directives                               ; Off                ; Off                ;
; Timing-Driven Synthesis                                                         ; On                 ; On                 ;
; Report Parameter Settings                                                       ; On                 ; On                 ;
; Report Source Assignments                                                       ; On                 ; On                 ;
; Report Connectivity Checks                                                      ; On                 ; On                 ;
; Ignore Maximum Fan-Out Assignments                                              ; Off                ; Off                ;
; Synchronization Register Chain Length                                           ; 3                  ; 3                  ;
; Power Optimization During Synthesis                                             ; Normal compilation ; Normal compilation ;
; HDL message level                                                               ; Level2             ; Level2             ;
; Suppress Register Optimization Related Messages                                 ; Off                ; Off                ;
; Number of Removed Registers Reported in Synthesis Report                        ; 5000               ; 5000               ;
; Number of Swept Nodes Reported in Synthesis Report                              ; 5000               ; 5000               ;
; Number of Inverted Registers Reported in Synthesis Report                       ; 100                ; 100                ;
; Clock MUX Protection                                                            ; On                 ; On                 ;
; Auto Gated Clock Conversion                                                     ; Off                ; Off                ;
; Block Design Naming                                                             ; Auto               ; Auto               ;
; SDC constraint protection                                                       ; Off                ; Off                ;
; Synthesis Effort                                                                ; Auto               ; Auto               ;
; Shift Register Replacement - Allow Asynchronous Clear Signal                    ; On                 ; On                 ;
; Pre-Mapping Resynthesis Optimization                                            ; Off                ; Off                ;
; Analysis & Synthesis Message Level                                              ; Medium             ; Medium             ;
; Disable Register Merging Across Hierarchies                                     ; Auto               ; Auto               ;
; Resource Aware Inference For Block RAM                                          ; On                 ; On                 ;
; Automatic Parallel Synthesis                                                    ; On                 ; On                 ;
; Partial Reconfiguration Bitstream ID                                            ; Off                ; Off                ;
+---------------------------------------------------------------------------------+--------------------+--------------------+


+------------------------------------------+
; Parallel Compilation                     ;
+----------------------------+-------------+
; Processors                 ; Number      ;
+----------------------------+-------------+
; Number detected on machine ; 12          ;
; Maximum allowed            ; 6           ;
;                            ;             ;
; Average used               ; 1.00        ;
; Maximum used               ; 6           ;
;                            ;             ;
; Usage by Processor         ; % Time Used ;
;     Processor 1            ; 100.0%      ;
;     Processor 2            ;   0.0%      ;
;     Processor 3            ;   0.0%      ;
;     Processor 4            ;   0.0%      ;
;     Processor 5            ;   0.0%      ;
;     Processor 6            ;   0.0%      ;
+----------------------------+-------------+


+---------------------------------------------------------------------------------------------------------------------------------------------------------------------------------------------------+
; Analysis & Synthesis Source Files Read                                                                                                                                                            ;
+----------------------------------+-----------------+------------------------------+-----------------------------------------------------------------------------------------------------+---------+
; File Name with User-Entered Path ; Used in Netlist ; File Type                    ; File Name with Absolute Path                                                                        ; Library ;
+----------------------------------+-----------------+------------------------------+-----------------------------------------------------------------------------------------------------+---------+
; waveform_renderer.sv             ; yes             ; User SystemVerilog HDL File  ; C:/Users/mespo/Desktop/School/SchoolThings/2025-2026/Term2/ELEX7660/fpga/waveform_renderer.sv       ;         ;
; vgacontroller.sv                 ; yes             ; User SystemVerilog HDL File  ; C:/Users/mespo/Desktop/School/SchoolThings/2025-2026/Term2/ELEX7660/fpga/vgacontroller.sv           ;         ;
; vertical_counter.sv              ; yes             ; User SystemVerilog HDL File  ; C:/Users/mespo/Desktop/School/SchoolThings/2025-2026/Term2/ELEX7660/fpga/vertical_counter.sv        ;         ;
; trigger.sv                       ; yes             ; User SystemVerilog HDL File  ; C:/Users/mespo/Desktop/School/SchoolThings/2025-2026/Term2/ELEX7660/fpga/trigger.sv                 ;         ;
; timebase.sv                      ; yes             ; User SystemVerilog HDL File  ; C:/Users/mespo/Desktop/School/SchoolThings/2025-2026/Term2/ELEX7660/fpga/timebase.sv                ;         ;
; rotary_encoder.sv                ; yes             ; User SystemVerilog HDL File  ; C:/Users/mespo/Desktop/School/SchoolThings/2025-2026/Term2/ELEX7660/fpga/rotary_encoder.sv          ;         ;
; ltc2308.sv                       ; yes             ; User SystemVerilog HDL File  ; C:/Users/mespo/Desktop/School/SchoolThings/2025-2026/Term2/ELEX7660/fpga/ltc2308.sv                 ;         ;
; input_control.sv                 ; yes             ; User SystemVerilog HDL File  ; C:/Users/mespo/Desktop/School/SchoolThings/2025-2026/Term2/ELEX7660/fpga/input_control.sv           ;         ;
; horizontal_counter.sv            ; yes             ; User SystemVerilog HDL File  ; C:/Users/mespo/Desktop/School/SchoolThings/2025-2026/Term2/ELEX7660/fpga/horizontal_counter.sv      ;         ;
; clkdiv.sv                        ; yes             ; User SystemVerilog HDL File  ; C:/Users/mespo/Desktop/School/SchoolThings/2025-2026/Term2/ELEX7660/fpga/clkdiv.sv                  ;         ;
; button.sv                        ; yes             ; User SystemVerilog HDL File  ; C:/Users/mespo/Desktop/School/SchoolThings/2025-2026/Term2/ELEX7660/fpga/button.sv                  ;         ;
; fpga-oscilliscope.sv             ; yes             ; User SystemVerilog HDL File  ; C:/Users/mespo/Desktop/School/SchoolThings/2025-2026/Term2/ELEX7660/fpga/fpga-oscilliscope.sv       ;         ;
; dual_port_ram.v                  ; yes             ; User Wizard-Generated File   ; C:/Users/mespo/Desktop/School/SchoolThings/2025-2026/Term2/ELEX7660/fpga/dual_port_ram.v            ;         ;
; altsyncram.tdf                   ; yes             ; Megafunction                 ; c:/altera_lite/25.1std/quartus/libraries/megafunctions/altsyncram.tdf                               ;         ;
; stratix_ram_block.inc            ; yes             ; Megafunction                 ; c:/altera_lite/25.1std/quartus/libraries/megafunctions/stratix_ram_block.inc                        ;         ;
; lpm_mux.inc                      ; yes             ; Megafunction                 ; c:/altera_lite/25.1std/quartus/libraries/megafunctions/lpm_mux.inc                                  ;         ;
; lpm_decode.inc                   ; yes             ; Megafunction                 ; c:/altera_lite/25.1std/quartus/libraries/megafunctions/lpm_decode.inc                               ;         ;
; aglobal251.inc                   ; yes             ; Megafunction                 ; c:/altera_lite/25.1std/quartus/libraries/megafunctions/aglobal251.inc                               ;         ;
; a_rdenreg.inc                    ; yes             ; Megafunction                 ; c:/altera_lite/25.1std/quartus/libraries/megafunctions/a_rdenreg.inc                                ;         ;
; altrom.inc                       ; yes             ; Megafunction                 ; c:/altera_lite/25.1std/quartus/libraries/megafunctions/altrom.inc                                   ;         ;
; altram.inc                       ; yes             ; Megafunction                 ; c:/altera_lite/25.1std/quartus/libraries/megafunctions/altram.inc                                   ;         ;
; altdpram.inc                     ; yes             ; Megafunction                 ; c:/altera_lite/25.1std/quartus/libraries/megafunctions/altdpram.inc                                 ;         ;
; db/altsyncram_88r1.tdf           ; yes             ; Auto-Generated Megafunction  ; C:/Users/mespo/Desktop/School/SchoolThings/2025-2026/Term2/ELEX7660/fpga/db/altsyncram_88r1.tdf     ;         ;
; lpm_divide.tdf                   ; yes             ; Megafunction                 ; c:/altera_lite/25.1std/quartus/libraries/megafunctions/lpm_divide.tdf                               ;         ;
; abs_divider.inc                  ; yes             ; Megafunction                 ; c:/altera_lite/25.1std/quartus/libraries/megafunctions/abs_divider.inc                              ;         ;
; sign_div_unsign.inc              ; yes             ; Megafunction                 ; c:/altera_lite/25.1std/quartus/libraries/megafunctions/sign_div_unsign.inc                          ;         ;
; db/lpm_divide_vcm.tdf            ; yes             ; Auto-Generated Megafunction  ; C:/Users/mespo/Desktop/School/SchoolThings/2025-2026/Term2/ELEX7660/fpga/db/lpm_divide_vcm.tdf      ;         ;
; db/sign_div_unsign_5nh.tdf       ; yes             ; Auto-Generated Megafunction  ; C:/Users/mespo/Desktop/School/SchoolThings/2025-2026/Term2/ELEX7660/fpga/db/sign_div_unsign_5nh.tdf ;         ;
; db/alt_u_div_g2f.tdf             ; yes             ; Auto-Generated Megafunction  ; C:/Users/mespo/Desktop/School/SchoolThings/2025-2026/Term2/ELEX7660/fpga/db/alt_u_div_g2f.tdf       ;         ;
+----------------------------------+-----------------+------------------------------+-----------------------------------------------------------------------------------------------------+---------+


+-----------------------------------------------------------+
; Analysis & Synthesis Resource Usage Summary               ;
+---------------------------------------------+-------------+
; Resource                                    ; Usage       ;
+---------------------------------------------+-------------+
; Estimate of Logic utilization (ALMs needed) ; 513         ;
;                                             ;             ;
; Combinational ALUT usage for logic          ; 946         ;
;     -- 7 input functions                    ; 1           ;
;     -- 6 input functions                    ; 70          ;
;     -- 5 input functions                    ; 62          ;
;     -- 4 input functions                    ; 163         ;
;     -- <=3 input functions                  ; 650         ;
;                                             ;             ;
; Dedicated logic registers                   ; 207         ;
;                                             ;             ;
; I/O pins                                    ; 27          ;
; Total MLAB memory bits                      ; 0           ;
; Total block memory bits                     ; 264         ;
;                                             ;             ;
; Total DSP Blocks                            ; 4           ;
;                                             ;             ;
; Maximum fan-out node                        ; clk50~input ;
; Maximum fan-out                             ; 121         ;
; Total fan-out                               ; 3932        ;
; Average fan-out                             ; 3.22        ;
+---------------------------------------------+-------------+


+------------------------------------------------------------------------------------------------------------------------------------------------------------------------------------------------------------------------------------------------------------------------------------------------------------------------------------+
; Analysis & Synthesis Resource Utilization by Entity                                                                                                                                                                                                                                                                                ;
+-------------------------------------------+---------------------+---------------------------+-------------------+------------+------+--------------+------------------------------------------------------------------------------------------------------------------------------------------+---------------------+--------------+
; Compilation Hierarchy Node                ; Combinational ALUTs ; Dedicated Logic Registers ; Block Memory Bits ; DSP Blocks ; Pins ; Virtual Pins ; Full Hierarchy Name                                                                                                                      ; Entity Name         ; Library Name ;
+-------------------------------------------+---------------------+---------------------------+-------------------+------------+------+--------------+------------------------------------------------------------------------------------------------------------------------------------------+---------------------+--------------+
; |oscilliscope_top                         ; 946 (7)             ; 207 (10)                  ; 264               ; 4          ; 27   ; 0            ; |oscilliscope_top                                                                                                                        ; oscilliscope_top    ; work         ;
;    |clkdiv:c_1k|                          ; 21 (21)             ; 17 (17)                   ; 0                 ; 0          ; 0    ; 0            ; |oscilliscope_top|clkdiv:c_1k                                                                                                            ; clkdiv              ; work         ;
;    |clkdiv:c_vga|                         ; 1 (1)               ; 1 (1)                     ; 0                 ; 0          ; 0    ; 0            ; |oscilliscope_top|clkdiv:c_vga                                                                                                           ; clkdiv              ; work         ;
;    |dual_port_ram:dp_0|                   ; 0 (0)               ; 0 (0)                     ; 264               ; 0          ; 0    ; 0            ; |oscilliscope_top|dual_port_ram:dp_0                                                                                                     ; dual_port_ram       ; work         ;
;       |altsyncram:altsyncram_component|   ; 0 (0)               ; 0 (0)                     ; 264               ; 0          ; 0    ; 0            ; |oscilliscope_top|dual_port_ram:dp_0|altsyncram:altsyncram_component                                                                     ; altsyncram          ; work         ;
;          |altsyncram_88r1:auto_generated| ; 0 (0)               ; 0 (0)                     ; 264               ; 0          ; 0    ; 0            ; |oscilliscope_top|dual_port_ram:dp_0|altsyncram:altsyncram_component|altsyncram_88r1:auto_generated                                      ; altsyncram_88r1     ; work         ;
;    |input_control:input_0|                ; 41 (35)             ; 43 (27)                   ; 0                 ; 0          ; 0    ; 0            ; |oscilliscope_top|input_control:input_0                                                                                                  ; input_control       ; work         ;
;       |button:scale_button|               ; 1 (1)               ; 2 (2)                     ; 0                 ; 0          ; 0    ; 0            ; |oscilliscope_top|input_control:input_0|button:scale_button                                                                              ; button              ; work         ;
;       |button:trigger_button|             ; 1 (1)               ; 2 (2)                     ; 0                 ; 0          ; 0    ; 0            ; |oscilliscope_top|input_control:input_0|button:trigger_button                                                                            ; button              ; work         ;
;       |rotary_encoder:level_enc|          ; 2 (2)               ; 6 (6)                     ; 0                 ; 0          ; 0    ; 0            ; |oscilliscope_top|input_control:input_0|rotary_encoder:level_enc                                                                         ; rotary_encoder      ; work         ;
;       |rotary_encoder:time_enc|           ; 2 (2)               ; 6 (6)                     ; 0                 ; 0          ; 0    ; 0            ; |oscilliscope_top|input_control:input_0|rotary_encoder:time_enc                                                                          ; rotary_encoder      ; work         ;
;    |ltc2308:ltc2308_0|                    ; 27 (27)             ; 37 (37)                   ; 0                 ; 0          ; 0    ; 0            ; |oscilliscope_top|ltc2308:ltc2308_0                                                                                                      ; ltc2308             ; work         ;
;    |timebase:time_0|                      ; 47 (47)             ; 34 (34)                   ; 0                 ; 0          ; 0    ; 0            ; |oscilliscope_top|timebase:time_0                                                                                                        ; timebase            ; work         ;
;    |trigger:trig_0|                       ; 36 (36)             ; 15 (15)                   ; 0                 ; 0          ; 0    ; 0            ; |oscilliscope_top|trigger:trig_0                                                                                                         ; trigger             ; work         ;
;    |vgacontroller:vga0|                   ; 87 (50)             ; 33 (0)                    ; 0                 ; 0          ; 0    ; 0            ; |oscilliscope_top|vgacontroller:vga0                                                                                                     ; vgacontroller       ; work         ;
;       |horizontal_counter:hcounter|       ; 19 (19)             ; 17 (17)                   ; 0                 ; 0          ; 0    ; 0            ; |oscilliscope_top|vgacontroller:vga0|horizontal_counter:hcounter                                                                         ; horizontal_counter  ; work         ;
;       |vertical_counter:vcounter|         ; 18 (18)             ; 16 (16)                   ; 0                 ; 0          ; 0    ; 0            ; |oscilliscope_top|vgacontroller:vga0|vertical_counter:vcounter                                                                           ; vertical_counter    ; work         ;
;    |waveform_renderer:wve0|               ; 679 (103)           ; 17 (17)                   ; 0                 ; 4          ; 0    ; 0            ; |oscilliscope_top|waveform_renderer:wve0                                                                                                 ; waveform_renderer   ; work         ;
;       |lpm_divide:Div0|                   ; 288 (0)             ; 0 (0)                     ; 0                 ; 0          ; 0    ; 0            ; |oscilliscope_top|waveform_renderer:wve0|lpm_divide:Div0                                                                                 ; lpm_divide          ; work         ;
;          |lpm_divide_vcm:auto_generated|  ; 288 (0)             ; 0 (0)                     ; 0                 ; 0          ; 0    ; 0            ; |oscilliscope_top|waveform_renderer:wve0|lpm_divide:Div0|lpm_divide_vcm:auto_generated                                                   ; lpm_divide_vcm      ; work         ;
;             |sign_div_unsign_5nh:divider| ; 288 (0)             ; 0 (0)                     ; 0                 ; 0          ; 0    ; 0            ; |oscilliscope_top|waveform_renderer:wve0|lpm_divide:Div0|lpm_divide_vcm:auto_generated|sign_div_unsign_5nh:divider                       ; sign_div_unsign_5nh ; work         ;
;                |alt_u_div_g2f:divider|    ; 288 (288)           ; 0 (0)                     ; 0                 ; 0          ; 0    ; 0            ; |oscilliscope_top|waveform_renderer:wve0|lpm_divide:Div0|lpm_divide_vcm:auto_generated|sign_div_unsign_5nh:divider|alt_u_div_g2f:divider ; alt_u_div_g2f       ; work         ;
;       |lpm_divide:Div1|                   ; 288 (0)             ; 0 (0)                     ; 0                 ; 0          ; 0    ; 0            ; |oscilliscope_top|waveform_renderer:wve0|lpm_divide:Div1                                                                                 ; lpm_divide          ; work         ;
;          |lpm_divide_vcm:auto_generated|  ; 288 (0)             ; 0 (0)                     ; 0                 ; 0          ; 0    ; 0            ; |oscilliscope_top|waveform_renderer:wve0|lpm_divide:Div1|lpm_divide_vcm:auto_generated                                                   ; lpm_divide_vcm      ; work         ;
;             |sign_div_unsign_5nh:divider| ; 288 (0)             ; 0 (0)                     ; 0                 ; 0          ; 0    ; 0            ; |oscilliscope_top|waveform_renderer:wve0|lpm_divide:Div1|lpm_divide_vcm:auto_generated|sign_div_unsign_5nh:divider                       ; sign_div_unsign_5nh ; work         ;
;                |alt_u_div_g2f:divider|    ; 288 (288)           ; 0 (0)                     ; 0                 ; 0          ; 0    ; 0            ; |oscilliscope_top|waveform_renderer:wve0|lpm_divide:Div1|lpm_divide_vcm:auto_generated|sign_div_unsign_5nh:divider|alt_u_div_g2f:divider ; alt_u_div_g2f       ; work         ;
+-------------------------------------------+---------------------+---------------------------+-------------------+------------+------+--------------+------------------------------------------------------------------------------------------------------------------------------------------+---------------------+--------------+
Note: For table entries with two numbers listed, the numbers in parentheses indicate the number of resources of the given type used by the specific entity alone. The numbers listed outside of parentheses indicate the total resources of the given type used by the specific entity and all of its sub-entities in the hierarchy.


+--------------------------------------------------------------------------------------------------------------------------------------------------------------------------------------------------+
; Analysis & Synthesis RAM Summary                                                                                                                                                                 ;
+----------------------------------------------------------------------------------------------+------+------------------+--------------+--------------+--------------+--------------+------+------+
; Name                                                                                         ; Type ; Mode             ; Port A Depth ; Port A Width ; Port B Depth ; Port B Width ; Size ; MIF  ;
+----------------------------------------------------------------------------------------------+------+------------------+--------------+--------------+--------------+--------------+------+------+
; dual_port_ram:dp_0|altsyncram:altsyncram_component|altsyncram_88r1:auto_generated|ALTSYNCRAM ; AUTO ; Simple Dual Port ; 22           ; 12           ; 22           ; 12           ; 264  ; None ;
+----------------------------------------------------------------------------------------------+------+------------------+--------------+--------------+--------------+--------------+------+------+


+-----------------------------------------------+
; Analysis & Synthesis DSP Block Usage Summary  ;
+---------------------------------+-------------+
; Statistic                       ; Number Used ;
+---------------------------------+-------------+
; Two Independent 18x18           ; 4           ;
; Total number of DSP blocks      ; 4           ;
;                                 ;             ;
; Fixed Point Unsigned Multiplier ; 4           ;
+---------------------------------+-------------+


+------------------------------------------------------------------------------------------------------------------------+
; Analysis & Synthesis IP Cores Summary                                                                                  ;
+--------+--------------+---------+--------------+--------------+--------------------------------------+-----------------+
; Vendor ; IP Core Name ; Version ; Release Date ; License Type ; Entity Instance                      ; IP Include File ;
+--------+--------------+---------+--------------+--------------+--------------------------------------+-----------------+
; Altera ; RAM: 2-PORT  ; 25.1    ; N/A          ; N/A          ; |oscilliscope_top|dual_port_ram:dp_0 ; dual_port_ram.v ;
+--------+--------------+---------+--------------+--------------+--------------------------------------+-----------------+


+----------------------------------------------------------------------------------+
; Registers Removed During Synthesis                                               ;
+----------------------------------------+-----------------------------------------+
; Register name                          ; Reason for Removal                      ;
+----------------------------------------+-----------------------------------------+
; input_control:input_0|trig_level[0]    ; Stuck at GND due to stuck port data_in  ;
; waveform_renderer:wve0|base_sync[7]    ; Lost fanout                             ;
; write_addr_sync[7]                     ; Lost fanout                             ;
; waveform_renderer:wve0|base_sync[6]    ; Lost fanout                             ;
; write_addr_sync[6]                     ; Lost fanout                             ;
; waveform_renderer:wve0|base_sync[5]    ; Lost fanout                             ;
; write_addr_sync[5]                     ; Lost fanout                             ;
; clkdiv:c_vga|count[0]                  ; Stuck at GND due to stuck port data_in  ;
; ltc2308:ltc2308_0|state[2..9,11..31]   ; Merged with ltc2308:ltc2308_0|state[10] ;
; ltc2308:ltc2308_0|state[10]            ; Stuck at GND due to stuck port data_in  ;
; write_addr[5..7]                       ; Lost fanout                             ;
; Total Number of Removed Registers = 41 ;                                         ;
+----------------------------------------+-----------------------------------------+


+---------------------------------------------------------------------------------------------------+
; Removed Registers Triggering Further Register Optimizations                                       ;
+-------------------------------------+--------------------+----------------------------------------+
; Register name                       ; Reason for Removal ; Registers Removed due to This Register ;
+-------------------------------------+--------------------+----------------------------------------+
; waveform_renderer:wve0|base_sync[7] ; Lost Fanouts       ; write_addr_sync[7], write_addr[7]      ;
; waveform_renderer:wve0|base_sync[6] ; Lost Fanouts       ; write_addr_sync[6], write_addr[6]      ;
; waveform_renderer:wve0|base_sync[5] ; Lost Fanouts       ; write_addr_sync[5], write_addr[5]      ;
+-------------------------------------+--------------------+----------------------------------------+


+------------------------------------------------------+
; General Register Statistics                          ;
+----------------------------------------------+-------+
; Statistic                                    ; Value ;
+----------------------------------------------+-------+
; Total registers                              ; 207   ;
; Number of registers using Synchronous Clear  ; 136   ;
; Number of registers using Synchronous Load   ; 1     ;
; Number of registers using Asynchronous Clear ; 0     ;
; Number of registers using Asynchronous Load  ; 0     ;
; Number of registers using Clock Enable       ; 70    ;
; Number of registers using Preset             ; 0     ;
+----------------------------------------------+-------+


+--------------------------------------------------------------------------------------------------------------------------------------------------------------------------------------------+
; Multiplexer Restructuring Statistics (Restructuring Performed)                                                                                                                             ;
+--------------------+-----------+---------------+----------------------+------------------------+------------+------------------------------------------------------------------------------+
; Multiplexer Inputs ; Bus Width ; Baseline Area ; Area if Restructured ; Saving if Restructured ; Registered ; Example Multiplexer Output                                                   ;
+--------------------+-----------+---------------+----------------------+------------------------+------------+------------------------------------------------------------------------------+
; 3:1                ; 16 bits   ; 32 LEs        ; 0 LEs                ; 32 LEs                 ; Yes        ; |oscilliscope_top|vgacontroller:vga0|horizontal_counter:hcounter|hcounter[8] ;
; 3:1                ; 2 bits    ; 4 LEs         ; 4 LEs                ; 0 LEs                  ; Yes        ; |oscilliscope_top|ltc2308:ltc2308_0|count[5]                                 ;
; 3:1                ; 33 bits   ; 66 LEs        ; 0 LEs                ; 66 LEs                 ; Yes        ; |oscilliscope_top|timebase:time_0|counter[4]                                 ;
; 3:1                ; 8 bits    ; 16 LEs        ; 0 LEs                ; 16 LEs                 ; Yes        ; |oscilliscope_top|write_addr[6]                                              ;
; 4:1                ; 16 bits   ; 32 LEs        ; 0 LEs                ; 32 LEs                 ; Yes        ; |oscilliscope_top|vgacontroller:vga0|vertical_counter:vcounter|vcounter[3]   ;
; 4:1                ; 11 bits   ; 22 LEs        ; 11 LEs               ; 11 LEs                 ; Yes        ; |oscilliscope_top|input_control:input_0|trig_level[11]                       ;
; 4:1                ; 12 bits   ; 24 LEs        ; 12 LEs               ; 12 LEs                 ; Yes        ; |oscilliscope_top|input_control:input_0|timebase_sel[7]                      ;
; 3:1                ; 6 bits    ; 12 LEs        ; 12 LEs               ; 0 LEs                  ; No         ; |oscilliscope_top|ltc2308:ltc2308_0|state_next[0]                            ;
; 4:1                ; 2 bits    ; 4 LEs         ; 4 LEs                ; 0 LEs                  ; No         ; |oscilliscope_top|vgacontroller:vga0|gpio[10]                                ;
+--------------------+-----------+---------------+----------------------+------------------------+------------+------------------------------------------------------------------------------+


+----------------------------------------------------------------------------------------------------------+
; Source assignments for dual_port_ram:dp_0|altsyncram:altsyncram_component|altsyncram_88r1:auto_generated ;
+---------------------------------+--------------------+------+--------------------------------------------+
; Assignment                      ; Value              ; From ; To                                         ;
+---------------------------------+--------------------+------+--------------------------------------------+
; OPTIMIZE_POWER_DURING_SYNTHESIS ; NORMAL_COMPILATION ; -    ; -                                          ;
+---------------------------------+--------------------+------+--------------------------------------------+


+----------------------------------------------------------+
; Parameter Settings for User Entity Instance: clkdiv:c_1k ;
+----------------+----------+------------------------------+
; Parameter Name ; Value    ; Type                         ;
+----------------+----------+------------------------------+
; fin            ; 50000000 ; Signed Integer               ;
; fout           ; 1000     ; Signed Integer               ;
+----------------+----------+------------------------------+
Note: In order to hide this table in the UI and the text report file, please set the "Show Parameter Settings in Synthesis Report" option in "Analysis and Synthesis Settings -> More Settings" to "Off".


+-----------------------------------------------------------+
; Parameter Settings for User Entity Instance: clkdiv:c_vga ;
+----------------+----------+-------------------------------+
; Parameter Name ; Value    ; Type                          ;
+----------------+----------+-------------------------------+
; fin            ; 50000000 ; Signed Integer                ;
; fout           ; 25000000 ; Signed Integer                ;
+----------------+----------+-------------------------------+
Note: In order to hide this table in the UI and the text report file, please set the "Show Parameter Settings in Synthesis Report" option in "Analysis and Synthesis Settings -> More Settings" to "Off".


+--------------------------------------------------------------------+
; Parameter Settings for User Entity Instance: input_control:input_0 ;
+----------------+-------+-------------------------------------------+
; Parameter Name ; Value ; Type                                      ;
+----------------+-------+-------------------------------------------+
; DATA_WIDTH     ; 12    ; Signed Integer                            ;
; ADDR_WIDTH     ; 8     ; Signed Integer                            ;
+----------------+-------+-------------------------------------------+
Note: In order to hide this table in the UI and the text report file, please set the "Show Parameter Settings in Synthesis Report" option in "Analysis and Synthesis Settings -> More Settings" to "Off".


+-------------------------------------------------------------+
; Parameter Settings for User Entity Instance: trigger:trig_0 ;
+----------------+-------+------------------------------------+
; Parameter Name ; Value ; Type                               ;
+----------------+-------+------------------------------------+
; DATA_WIDTH     ; 12    ; Signed Integer                     ;
; ADDR_WIDTH     ; 8     ; Signed Integer                     ;
+----------------+-------+------------------------------------+
Note: In order to hide this table in the UI and the text report file, please set the "Show Parameter Settings in Synthesis Report" option in "Analysis and Synthesis Settings -> More Settings" to "Off".


+-------------------------------------------------------------------------------------------------+
; Parameter Settings for User Entity Instance: dual_port_ram:dp_0|altsyncram:altsyncram_component ;
+------------------------------------+----------------------+-------------------------------------+
; Parameter Name                     ; Value                ; Type                                ;
+------------------------------------+----------------------+-------------------------------------+
; BYTE_SIZE_BLOCK                    ; 8                    ; Untyped                             ;
; AUTO_CARRY_CHAINS                  ; ON                   ; AUTO_CARRY                          ;
; IGNORE_CARRY_BUFFERS               ; OFF                  ; IGNORE_CARRY                        ;
; AUTO_CASCADE_CHAINS                ; ON                   ; AUTO_CASCADE                        ;
; IGNORE_CASCADE_BUFFERS             ; OFF                  ; IGNORE_CASCADE                      ;
; WIDTH_BYTEENA                      ; 1                    ; Untyped                             ;
; OPERATION_MODE                     ; DUAL_PORT            ; Untyped                             ;
; WIDTH_A                            ; 12                   ; Signed Integer                      ;
; WIDTHAD_A                          ; 5                    ; Signed Integer                      ;
; NUMWORDS_A                         ; 22                   ; Signed Integer                      ;
; OUTDATA_REG_A                      ; UNREGISTERED         ; Untyped                             ;
; ADDRESS_ACLR_A                     ; NONE                 ; Untyped                             ;
; OUTDATA_ACLR_A                     ; NONE                 ; Untyped                             ;
; WRCONTROL_ACLR_A                   ; NONE                 ; Untyped                             ;
; INDATA_ACLR_A                      ; NONE                 ; Untyped                             ;
; BYTEENA_ACLR_A                     ; NONE                 ; Untyped                             ;
; WIDTH_B                            ; 12                   ; Signed Integer                      ;
; WIDTHAD_B                          ; 5                    ; Signed Integer                      ;
; NUMWORDS_B                         ; 22                   ; Signed Integer                      ;
; INDATA_REG_B                       ; CLOCK1               ; Untyped                             ;
; WRCONTROL_WRADDRESS_REG_B          ; CLOCK1               ; Untyped                             ;
; RDCONTROL_REG_B                    ; CLOCK1               ; Untyped                             ;
; ADDRESS_REG_B                      ; CLOCK1               ; Untyped                             ;
; OUTDATA_REG_B                      ; CLOCK1               ; Untyped                             ;
; BYTEENA_REG_B                      ; CLOCK1               ; Untyped                             ;
; INDATA_ACLR_B                      ; NONE                 ; Untyped                             ;
; WRCONTROL_ACLR_B                   ; NONE                 ; Untyped                             ;
; ADDRESS_ACLR_B                     ; NONE                 ; Untyped                             ;
; OUTDATA_ACLR_B                     ; NONE                 ; Untyped                             ;
; RDCONTROL_ACLR_B                   ; NONE                 ; Untyped                             ;
; BYTEENA_ACLR_B                     ; NONE                 ; Untyped                             ;
; WIDTH_BYTEENA_A                    ; 1                    ; Signed Integer                      ;
; WIDTH_BYTEENA_B                    ; 1                    ; Untyped                             ;
; RAM_BLOCK_TYPE                     ; AUTO                 ; Untyped                             ;
; BYTE_SIZE                          ; 8                    ; Untyped                             ;
; READ_DURING_WRITE_MODE_MIXED_PORTS ; DONT_CARE            ; Untyped                             ;
; READ_DURING_WRITE_MODE_PORT_A      ; NEW_DATA_NO_NBE_READ ; Untyped                             ;
; READ_DURING_WRITE_MODE_PORT_B      ; NEW_DATA_NO_NBE_READ ; Untyped                             ;
; INIT_FILE                          ; UNUSED               ; Untyped                             ;
; INIT_FILE_LAYOUT                   ; PORT_A               ; Untyped                             ;
; MAXIMUM_DEPTH                      ; 256                  ; Signed Integer                      ;
; CLOCK_ENABLE_INPUT_A               ; BYPASS               ; Untyped                             ;
; CLOCK_ENABLE_INPUT_B               ; BYPASS               ; Untyped                             ;
; CLOCK_ENABLE_OUTPUT_A              ; NORMAL               ; Untyped                             ;
; CLOCK_ENABLE_OUTPUT_B              ; BYPASS               ; Untyped                             ;
; CLOCK_ENABLE_CORE_A                ; USE_INPUT_CLKEN      ; Untyped                             ;
; CLOCK_ENABLE_CORE_B                ; USE_INPUT_CLKEN      ; Untyped                             ;
; ENABLE_ECC                         ; FALSE                ; Untyped                             ;
; ECC_PIPELINE_STAGE_ENABLED         ; FALSE                ; Untyped                             ;
; WIDTH_ECCSTATUS                    ; 3                    ; Untyped                             ;
; DEVICE_FAMILY                      ; Cyclone V            ; Untyped                             ;
; CBXI_PARAMETER                     ; altsyncram_88r1      ; Untyped                             ;
+------------------------------------+----------------------+-------------------------------------+
Note: In order to hide this table in the UI and the text report file, please set the "Show Parameter Settings in Synthesis Report" option in "Analysis and Synthesis Settings -> More Settings" to "Off".


+---------------------------------------------------------------------+
; Parameter Settings for User Entity Instance: waveform_renderer:wve0 ;
+----------------+-------+--------------------------------------------+
; Parameter Name ; Value ; Type                                       ;
+----------------+-------+--------------------------------------------+
; DATA_WIDTH     ; 12    ; Signed Integer                             ;
; ADDR_WIDTH     ; 8     ; Signed Integer                             ;
+----------------+-------+--------------------------------------------+
Note: In order to hide this table in the UI and the text report file, please set the "Show Parameter Settings in Synthesis Report" option in "Analysis and Synthesis Settings -> More Settings" to "Off".


+---------------------------------------------------------------------------------------------+
; Parameter Settings for User Entity Instance: vgacontroller:vga0|horizontal_counter:hcounter ;
+----------------+-------+--------------------------------------------------------------------+
; Parameter Name ; Value ; Type                                                               ;
+----------------+-------+--------------------------------------------------------------------+
; countMax       ; 799   ; Signed Integer                                                     ;
+----------------+-------+--------------------------------------------------------------------+
Note: In order to hide this table in the UI and the text report file, please set the "Show Parameter Settings in Synthesis Report" option in "Analysis and Synthesis Settings -> More Settings" to "Off".


+-------------------------------------------------------------------------------------------+
; Parameter Settings for User Entity Instance: vgacontroller:vga0|vertical_counter:vcounter ;
+----------------+-------+------------------------------------------------------------------+
; Parameter Name ; Value ; Type                                                             ;
+----------------+-------+------------------------------------------------------------------+
; countMax       ; 524   ; Signed Integer                                                   ;
+----------------+-------+------------------------------------------------------------------+
Note: In order to hide this table in the UI and the text report file, please set the "Show Parameter Settings in Synthesis Report" option in "Analysis and Synthesis Settings -> More Settings" to "Off".


+-----------------------------------------------------------------------------------------+
; Parameter Settings for Inferred Entity Instance: waveform_renderer:wve0|lpm_divide:Div1 ;
+------------------------+----------------+-----------------------------------------------+
; Parameter Name         ; Value          ; Type                                          ;
+------------------------+----------------+-----------------------------------------------+
; LPM_WIDTHN             ; 21             ; Untyped                                       ;
; LPM_WIDTHD             ; 12             ; Untyped                                       ;
; LPM_NREPRESENTATION    ; UNSIGNED       ; Untyped                                       ;
; LPM_DREPRESENTATION    ; UNSIGNED       ; Untyped                                       ;
; LPM_PIPELINE           ; 0              ; Untyped                                       ;
; LPM_REMAINDERPOSITIVE  ; TRUE           ; Untyped                                       ;
; MAXIMIZE_SPEED         ; 5              ; Untyped                                       ;
; CBXI_PARAMETER         ; lpm_divide_vcm ; Untyped                                       ;
; CARRY_CHAIN            ; MANUAL         ; Untyped                                       ;
; OPTIMIZE_FOR_SPEED     ; 5              ; Untyped                                       ;
; AUTO_CARRY_CHAINS      ; ON             ; AUTO_CARRY                                    ;
; IGNORE_CARRY_BUFFERS   ; OFF            ; IGNORE_CARRY                                  ;
; AUTO_CASCADE_CHAINS    ; ON             ; AUTO_CASCADE                                  ;
; IGNORE_CASCADE_BUFFERS ; OFF            ; IGNORE_CASCADE                                ;
+------------------------+----------------+-----------------------------------------------+
Note: In order to hide this table in the UI and the text report file, please set the "Show Parameter Settings in Synthesis Report" option in "Analysis and Synthesis Settings -> More Settings" to "Off".


+-----------------------------------------------------------------------------------------+
; Parameter Settings for Inferred Entity Instance: waveform_renderer:wve0|lpm_divide:Div0 ;
+------------------------+----------------+-----------------------------------------------+
; Parameter Name         ; Value          ; Type                                          ;
+------------------------+----------------+-----------------------------------------------+
; LPM_WIDTHN             ; 21             ; Untyped                                       ;
; LPM_WIDTHD             ; 12             ; Untyped                                       ;
; LPM_NREPRESENTATION    ; UNSIGNED       ; Untyped                                       ;
; LPM_DREPRESENTATION    ; UNSIGNED       ; Untyped                                       ;
; LPM_PIPELINE           ; 0              ; Untyped                                       ;
; LPM_REMAINDERPOSITIVE  ; TRUE           ; Untyped                                       ;
; MAXIMIZE_SPEED         ; 5              ; Untyped                                       ;
; CBXI_PARAMETER         ; lpm_divide_vcm ; Untyped                                       ;
; CARRY_CHAIN            ; MANUAL         ; Untyped                                       ;
; OPTIMIZE_FOR_SPEED     ; 5              ; Untyped                                       ;
; AUTO_CARRY_CHAINS      ; ON             ; AUTO_CARRY                                    ;
; IGNORE_CARRY_BUFFERS   ; OFF            ; IGNORE_CARRY                                  ;
; AUTO_CASCADE_CHAINS    ; ON             ; AUTO_CASCADE                                  ;
; IGNORE_CASCADE_BUFFERS ; OFF            ; IGNORE_CASCADE                                ;
+------------------------+----------------+-----------------------------------------------+
Note: In order to hide this table in the UI and the text report file, please set the "Show Parameter Settings in Synthesis Report" option in "Analysis and Synthesis Settings -> More Settings" to "Off".


+------------------------------------------------------------------------------------------------+
; altsyncram Parameter Settings by Entity Instance                                               ;
+-------------------------------------------+----------------------------------------------------+
; Name                                      ; Value                                              ;
+-------------------------------------------+----------------------------------------------------+
; Number of entity instances                ; 1                                                  ;
; Entity Instance                           ; dual_port_ram:dp_0|altsyncram:altsyncram_component ;
;     -- OPERATION_MODE                     ; DUAL_PORT                                          ;
;     -- WIDTH_A                            ; 12                                                 ;
;     -- NUMWORDS_A                         ; 22                                                 ;
;     -- OUTDATA_REG_A                      ; UNREGISTERED                                       ;
;     -- WIDTH_B                            ; 12                                                 ;
;     -- NUMWORDS_B                         ; 22                                                 ;
;     -- ADDRESS_REG_B                      ; CLOCK1                                             ;
;     -- OUTDATA_REG_B                      ; CLOCK1                                             ;
;     -- RAM_BLOCK_TYPE                     ; AUTO                                               ;
;     -- READ_DURING_WRITE_MODE_MIXED_PORTS ; DONT_CARE                                          ;
+-------------------------------------------+----------------------------------------------------+


+-----------------------------------------------------------------------------------------------------------------+
; Port Connectivity Checks: "vgacontroller:vga0"                                                                  ;
+-------+--------+----------+-------------------------------------------------------------------------------------+
; Port  ; Type   ; Severity ; Details                                                                             ;
+-------+--------+----------+-------------------------------------------------------------------------------------+
; vsync ; Output ; Info     ; Connected to dangling logic. Logic that only feeds a dangling port will be removed. ;
; hsync ; Output ; Info     ; Connected to dangling logic. Logic that only feeds a dangling port will be removed. ;
+-------+--------+----------+-------------------------------------------------------------------------------------+


+-----------------------------------------------------------------------------------------------------------------------------------------------------------------------------------------------------------------+
; Port Connectivity Checks: "dual_port_ram:dp_0"                                                                                                                                                                  ;
+-----------+-------+----------+----------------------------------------------------------------------------------------------------------------------------------------------------------------------------------+
; Port      ; Type  ; Severity ; Details                                                                                                                                                                          ;
+-----------+-------+----------+----------------------------------------------------------------------------------------------------------------------------------------------------------------------------------+
; rdaddress ; Input ; Warning  ; Input port expression (8 bits) is wider than the input port (5 bits) it drives.  The 3 most-significant bit(s) in the expression will be dangling if they have no other fanouts. ;
; wraddress ; Input ; Warning  ; Input port expression (8 bits) is wider than the input port (5 bits) it drives.  The 3 most-significant bit(s) in the expression will be dangling if they have no other fanouts. ;
+-----------+-------+----------+----------------------------------------------------------------------------------------------------------------------------------------------------------------------------------+


+--------------------------------------------------------+
; Port Connectivity Checks: "ltc2308:ltc2308_0"          ;
+-----------+--------+----------+------------------------+
; Port      ; Type   ; Severity ; Details                ;
+-----------+--------+----------+------------------------+
; adc_ready ; Output ; Info     ; Explicitly unconnected ;
+-----------+--------+----------+------------------------+


+-----------------------------------------------------+
; Post-Synthesis Netlist Statistics for Top Partition ;
+-----------------------+-----------------------------+
; Type                  ; Count                       ;
+-----------------------+-----------------------------+
; arriav_ff             ; 207                         ;
;     ENA               ; 31                          ;
;     ENA SCLR          ; 39                          ;
;     SCLR              ; 97                          ;
;     SLD               ; 1                           ;
;     plain             ; 39                          ;
; arriav_lcell_comb     ; 947                         ;
;     arith             ; 453                         ;
;         0 data inputs ; 38                          ;
;         1 data inputs ; 162                         ;
;         2 data inputs ; 13                          ;
;         3 data inputs ; 145                         ;
;         4 data inputs ; 90                          ;
;         5 data inputs ; 5                           ;
;     extend            ; 1                           ;
;         7 data inputs ; 1                           ;
;     normal            ; 467                         ;
;         1 data inputs ; 3                           ;
;         2 data inputs ; 204                         ;
;         3 data inputs ; 60                          ;
;         4 data inputs ; 73                          ;
;         5 data inputs ; 57                          ;
;         6 data inputs ; 70                          ;
;     shared            ; 26                          ;
;         0 data inputs ; 2                           ;
;         1 data inputs ; 24                          ;
; arriav_mac            ; 4                           ;
; boundary_port         ; 27                          ;
; stratixv_ram_block    ; 12                          ;
;                       ;                             ;
; Max LUT depth         ; 28.90                       ;
; Average LUT depth     ; 17.19                       ;
+-----------------------+-----------------------------+


+-------------------------------+
; Elapsed Time Per Partition    ;
+----------------+--------------+
; Partition Name ; Elapsed Time ;
+----------------+--------------+
; Top            ; 00:00:02     ;
+----------------+--------------+


+-------------------------------+
; Analysis & Synthesis Messages ;
+-------------------------------+
Info: *******************************************************************
Info: Running Quartus Prime Analysis & Synthesis
    Info: Version 25.1std.0 Build 1129 10/21/2025 SC Lite Edition
    Info: Processing started: Wed Apr  8 18:32:08 2026
Info: Command: quartus_map --read_settings_files=on --write_settings_files=off fpga-oscilliscope -c fpga-oscilliscope
Warning (18236): Number of processors has not been specified which may cause overloading on shared machines.  Set the global assignment NUM_PARALLEL_PROCESSORS in your QSF to an appropriate value for best performance.
Info (20030): Parallel compilation is enabled and will use 6 of the 6 processors detected
Info (12021): Found 1 design units, including 1 entities, in source file waveform_renderer.sv
    Info (12023): Found entity 1: waveform_renderer File: C:/Users/mespo/Desktop/School/SchoolThings/2025-2026/Term2/ELEX7660/fpga/waveform_renderer.sv Line: 4
Info (12021): Found 1 design units, including 1 entities, in source file vgacontroller.sv
    Info (12023): Found entity 1: vgacontroller File: C:/Users/mespo/Desktop/School/SchoolThings/2025-2026/Term2/ELEX7660/fpga/vgacontroller.sv Line: 5
Info (12021): Found 1 design units, including 1 entities, in source file vertical_counter.sv
    Info (12023): Found entity 1: vertical_counter File: C:/Users/mespo/Desktop/School/SchoolThings/2025-2026/Term2/ELEX7660/fpga/vertical_counter.sv Line: 4
Info (12021): Found 1 design units, including 1 entities, in source file trigger.sv
    Info (12023): Found entity 1: trigger File: C:/Users/mespo/Desktop/School/SchoolThings/2025-2026/Term2/ELEX7660/fpga/trigger.sv Line: 8
Info (12021): Found 1 design units, including 1 entities, in source file top_vga.sv
    Info (12023): Found entity 1: top_vga File: C:/Users/mespo/Desktop/School/SchoolThings/2025-2026/Term2/ELEX7660/fpga/top_vga.sv Line: 3
Info (12021): Found 1 design units, including 1 entities, in source file timebase.sv
    Info (12023): Found entity 1: timebase File: C:/Users/mespo/Desktop/School/SchoolThings/2025-2026/Term2/ELEX7660/fpga/timebase.sv Line: 3
Info (12021): Found 1 design units, including 1 entities, in source file rotary_encoder.sv
    Info (12023): Found entity 1: rotary_encoder File: C:/Users/mespo/Desktop/School/SchoolThings/2025-2026/Term2/ELEX7660/fpga/rotary_encoder.sv Line: 1
Info (12021): Found 1 design units, including 1 entities, in source file ltc2308.sv
    Info (12023): Found entity 1: ltc2308 File: C:/Users/mespo/Desktop/School/SchoolThings/2025-2026/Term2/ELEX7660/fpga/ltc2308.sv Line: 19
Info (12021): Found 1 design units, including 1 entities, in source file input_control.sv
    Info (12023): Found entity 1: input_control File: C:/Users/mespo/Desktop/School/SchoolThings/2025-2026/Term2/ELEX7660/fpga/input_control.sv Line: 13
Info (12021): Found 1 design units, including 1 entities, in source file horizontal_counter.sv
    Info (12023): Found entity 1: horizontal_counter File: C:/Users/mespo/Desktop/School/SchoolThings/2025-2026/Term2/ELEX7660/fpga/horizontal_counter.sv Line: 5
Info (12021): Found 1 design units, including 1 entities, in source file clkdiv.sv
    Info (12023): Found entity 1: clkdiv File: C:/Users/mespo/Desktop/School/SchoolThings/2025-2026/Term2/ELEX7660/fpga/clkdiv.sv Line: 4
Info (12021): Found 1 design units, including 1 entities, in source file circularbuffer.sv
    Info (12023): Found entity 1: circularBuffer File: C:/Users/mespo/Desktop/School/SchoolThings/2025-2026/Term2/ELEX7660/fpga/circularBuffer.sv Line: 5
Info (12021): Found 1 design units, including 1 entities, in source file button.sv
    Info (12023): Found entity 1: button File: C:/Users/mespo/Desktop/School/SchoolThings/2025-2026/Term2/ELEX7660/fpga/button.sv Line: 4
Info (12021): Found 1 design units, including 1 entities, in source file fpga-oscilliscope.sv
    Info (12023): Found entity 1: oscilliscope_top File: C:/Users/mespo/Desktop/School/SchoolThings/2025-2026/Term2/ELEX7660/fpga/fpga-oscilliscope.sv Line: 3
Info (12021): Found 1 design units, including 1 entities, in source file dual_port_ram.v
    Info (12023): Found entity 1: dual_port_ram File: C:/Users/mespo/Desktop/School/SchoolThings/2025-2026/Term2/ELEX7660/fpga/dual_port_ram.v Line: 40
Warning (10236): Verilog HDL Implicit Net warning at top_vga.sv(195): created implicit net for "vsync" File: C:/Users/mespo/Desktop/School/SchoolThings/2025-2026/Term2/ELEX7660/fpga/top_vga.sv Line: 195
Warning (10236): Verilog HDL Implicit Net warning at top_vga.sv(196): created implicit net for "hsync" File: C:/Users/mespo/Desktop/School/SchoolThings/2025-2026/Term2/ELEX7660/fpga/top_vga.sv Line: 196
Warning (10236): Verilog HDL Implicit Net warning at fpga-oscilliscope.sv(200): created implicit net for "vsync" File: C:/Users/mespo/Desktop/School/SchoolThings/2025-2026/Term2/ELEX7660/fpga/fpga-oscilliscope.sv Line: 200
Warning (10236): Verilog HDL Implicit Net warning at fpga-oscilliscope.sv(201): created implicit net for "hsync" File: C:/Users/mespo/Desktop/School/SchoolThings/2025-2026/Term2/ELEX7660/fpga/fpga-oscilliscope.sv Line: 201
Info (12127): Elaborating entity "oscilliscope_top" for the top level hierarchy
Warning (10230): Verilog HDL assignment warning at fpga-oscilliscope.sv(80): truncated value with size 32 to match size of target (8) File: C:/Users/mespo/Desktop/School/SchoolThings/2025-2026/Term2/ELEX7660/fpga/fpga-oscilliscope.sv Line: 80
Info (12128): Elaborating entity "clkdiv" for hierarchy "clkdiv:c_1k" File: C:/Users/mespo/Desktop/School/SchoolThings/2025-2026/Term2/ELEX7660/fpga/fpga-oscilliscope.sv Line: 60
Info (12128): Elaborating entity "clkdiv" for hierarchy "clkdiv:c_vga" File: C:/Users/mespo/Desktop/School/SchoolThings/2025-2026/Term2/ELEX7660/fpga/fpga-oscilliscope.sv Line: 68
Info (12128): Elaborating entity "ltc2308" for hierarchy "ltc2308:ltc2308_0" File: C:/Users/mespo/Desktop/School/SchoolThings/2025-2026/Term2/ELEX7660/fpga/fpga-oscilliscope.sv Line: 103
Warning (10858): Verilog HDL warning at ltc2308.sv(34): object read used but never assigned File: C:/Users/mespo/Desktop/School/SchoolThings/2025-2026/Term2/ELEX7660/fpga/ltc2308.sv Line: 34
Warning (10858): Verilog HDL warning at ltc2308.sv(34): object write used but never assigned File: C:/Users/mespo/Desktop/School/SchoolThings/2025-2026/Term2/ELEX7660/fpga/ltc2308.sv Line: 34
Warning (10036): Verilog HDL or VHDL warning at ltc2308.sv(74): object "firstch" assigned a value but never read File: C:/Users/mespo/Desktop/School/SchoolThings/2025-2026/Term2/ELEX7660/fpga/ltc2308.sv Line: 74
Warning (10036): Verilog HDL or VHDL warning at ltc2308.sv(74): object "lastch" assigned a value but never read File: C:/Users/mespo/Desktop/School/SchoolThings/2025-2026/Term2/ELEX7660/fpga/ltc2308.sv Line: 74
Warning (10036): Verilog HDL or VHDL warning at ltc2308.sv(108): object "prevread" assigned a value but never read File: C:/Users/mespo/Desktop/School/SchoolThings/2025-2026/Term2/ELEX7660/fpga/ltc2308.sv Line: 108
Info (12128): Elaborating entity "input_control" for hierarchy "input_control:input_0" File: C:/Users/mespo/Desktop/School/SchoolThings/2025-2026/Term2/ELEX7660/fpga/fpga-oscilliscope.sv Line: 118
Info (12128): Elaborating entity "rotary_encoder" for hierarchy "input_control:input_0|rotary_encoder:level_enc" File: C:/Users/mespo/Desktop/School/SchoolThings/2025-2026/Term2/ELEX7660/fpga/input_control.sv Line: 56
Info (12128): Elaborating entity "button" for hierarchy "input_control:input_0|button:trigger_button" File: C:/Users/mespo/Desktop/School/SchoolThings/2025-2026/Term2/ELEX7660/fpga/input_control.sv Line: 78
Info (12128): Elaborating entity "trigger" for hierarchy "trigger:trig_0" File: C:/Users/mespo/Desktop/School/SchoolThings/2025-2026/Term2/ELEX7660/fpga/fpga-oscilliscope.sv Line: 131
Warning (10230): Verilog HDL assignment warning at trigger.sv(46): truncated value with size 32 to match size of target (1) File: C:/Users/mespo/Desktop/School/SchoolThings/2025-2026/Term2/ELEX7660/fpga/trigger.sv Line: 46
Info (12128): Elaborating entity "timebase" for hierarchy "timebase:time_0" File: C:/Users/mespo/Desktop/School/SchoolThings/2025-2026/Term2/ELEX7660/fpga/fpga-oscilliscope.sv Line: 140
Info (12128): Elaborating entity "dual_port_ram" for hierarchy "dual_port_ram:dp_0" File: C:/Users/mespo/Desktop/School/SchoolThings/2025-2026/Term2/ELEX7660/fpga/fpga-oscilliscope.sv Line: 172
Info (12128): Elaborating entity "altsyncram" for hierarchy "dual_port_ram:dp_0|altsyncram:altsyncram_component" File: C:/Users/mespo/Desktop/School/SchoolThings/2025-2026/Term2/ELEX7660/fpga/dual_port_ram.v Line: 91
Info (12130): Elaborated megafunction instantiation "dual_port_ram:dp_0|altsyncram:altsyncram_component" File: C:/Users/mespo/Desktop/School/SchoolThings/2025-2026/Term2/ELEX7660/fpga/dual_port_ram.v Line: 91
Info (12133): Instantiated megafunction "dual_port_ram:dp_0|altsyncram:altsyncram_component" with the following parameter: File: C:/Users/mespo/Desktop/School/SchoolThings/2025-2026/Term2/ELEX7660/fpga/dual_port_ram.v Line: 91
    Info (12134): Parameter "address_aclr_b" = "NONE"
    Info (12134): Parameter "address_reg_b" = "CLOCK1"
    Info (12134): Parameter "clock_enable_input_a" = "BYPASS"
    Info (12134): Parameter "clock_enable_input_b" = "BYPASS"
    Info (12134): Parameter "clock_enable_output_b" = "BYPASS"
    Info (12134): Parameter "intended_device_family" = "Cyclone V"
    Info (12134): Parameter "lpm_type" = "altsyncram"
    Info (12134): Parameter "maximum_depth" = "256"
    Info (12134): Parameter "numwords_a" = "22"
    Info (12134): Parameter "numwords_b" = "22"
    Info (12134): Parameter "operation_mode" = "DUAL_PORT"
    Info (12134): Parameter "outdata_aclr_b" = "NONE"
    Info (12134): Parameter "outdata_reg_b" = "CLOCK1"
    Info (12134): Parameter "power_up_uninitialized" = "FALSE"
    Info (12134): Parameter "widthad_a" = "5"
    Info (12134): Parameter "widthad_b" = "5"
    Info (12134): Parameter "width_a" = "12"
    Info (12134): Parameter "width_b" = "12"
    Info (12134): Parameter "width_byteena_a" = "1"
Info (12021): Found 1 design units, including 1 entities, in source file db/altsyncram_88r1.tdf
    Info (12023): Found entity 1: altsyncram_88r1 File: C:/Users/mespo/Desktop/School/SchoolThings/2025-2026/Term2/ELEX7660/fpga/db/altsyncram_88r1.tdf Line: 28
Info (12128): Elaborating entity "altsyncram_88r1" for hierarchy "dual_port_ram:dp_0|altsyncram:altsyncram_component|altsyncram_88r1:auto_generated" File: c:/altera_lite/25.1std/quartus/libraries/megafunctions/altsyncram.tdf Line: 792
Info (12128): Elaborating entity "waveform_renderer" for hierarchy "waveform_renderer:wve0" File: C:/Users/mespo/Desktop/School/SchoolThings/2025-2026/Term2/ELEX7660/fpga/fpga-oscilliscope.sv Line: 192
Warning (10230): Verilog HDL assignment warning at waveform_renderer.sv(36): truncated value with size 32 to match size of target (21) File: C:/Users/mespo/Desktop/School/SchoolThings/2025-2026/Term2/ELEX7660/fpga/waveform_renderer.sv Line: 36
Warning (10230): Verilog HDL assignment warning at waveform_renderer.sv(37): truncated value with size 32 to match size of target (21) File: C:/Users/mespo/Desktop/School/SchoolThings/2025-2026/Term2/ELEX7660/fpga/waveform_renderer.sv Line: 37
Warning (10230): Verilog HDL assignment warning at waveform_renderer.sv(38): truncated value with size 32 to match size of target (21) File: C:/Users/mespo/Desktop/School/SchoolThings/2025-2026/Term2/ELEX7660/fpga/waveform_renderer.sv Line: 38
Warning (10230): Verilog HDL assignment warning at waveform_renderer.sv(39): truncated value with size 32 to match size of target (10) File: C:/Users/mespo/Desktop/School/SchoolThings/2025-2026/Term2/ELEX7660/fpga/waveform_renderer.sv Line: 39
Warning (10230): Verilog HDL assignment warning at waveform_renderer.sv(71): truncated value with size 32 to match size of target (8) File: C:/Users/mespo/Desktop/School/SchoolThings/2025-2026/Term2/ELEX7660/fpga/waveform_renderer.sv Line: 71
Info (12128): Elaborating entity "vgacontroller" for hierarchy "vgacontroller:vga0" File: C:/Users/mespo/Desktop/School/SchoolThings/2025-2026/Term2/ELEX7660/fpga/fpga-oscilliscope.sv Line: 205
Warning (10230): Verilog HDL assignment warning at vgacontroller.sv(39): truncated value with size 32 to match size of target (10) File: C:/Users/mespo/Desktop/School/SchoolThings/2025-2026/Term2/ELEX7660/fpga/vgacontroller.sv Line: 39
Warning (10230): Verilog HDL assignment warning at vgacontroller.sv(40): truncated value with size 32 to match size of target (10) File: C:/Users/mespo/Desktop/School/SchoolThings/2025-2026/Term2/ELEX7660/fpga/vgacontroller.sv Line: 40
Warning (10230): Verilog HDL assignment warning at vgacontroller.sv(43): truncated value with size 32 to match size of target (1) File: C:/Users/mespo/Desktop/School/SchoolThings/2025-2026/Term2/ELEX7660/fpga/vgacontroller.sv Line: 43
Warning (10230): Verilog HDL assignment warning at vgacontroller.sv(44): truncated value with size 32 to match size of target (1) File: C:/Users/mespo/Desktop/School/SchoolThings/2025-2026/Term2/ELEX7660/fpga/vgacontroller.sv Line: 44
Info (12128): Elaborating entity "horizontal_counter" for hierarchy "vgacontroller:vga0|horizontal_counter:hcounter" File: C:/Users/mespo/Desktop/School/SchoolThings/2025-2026/Term2/ELEX7660/fpga/vgacontroller.sv Line: 27
Warning (10230): Verilog HDL assignment warning at horizontal_counter.sv(18): truncated value with size 32 to match size of target (16) File: C:/Users/mespo/Desktop/School/SchoolThings/2025-2026/Term2/ELEX7660/fpga/horizontal_counter.sv Line: 18
Info (12128): Elaborating entity "vertical_counter" for hierarchy "vgacontroller:vga0|vertical_counter:vcounter" File: C:/Users/mespo/Desktop/School/SchoolThings/2025-2026/Term2/ELEX7660/fpga/vgacontroller.sv Line: 36
Warning (10230): Verilog HDL assignment warning at vertical_counter.sv(16): truncated value with size 32 to match size of target (16) File: C:/Users/mespo/Desktop/School/SchoolThings/2025-2026/Term2/ELEX7660/fpga/vertical_counter.sv Line: 16
Info (278001): Inferred 2 megafunctions from design logic
    Info (278004): Inferred divider/modulo megafunction ("lpm_divide") from the following logic: "waveform_renderer:wve0|Div1" File: C:/Users/mespo/Desktop/School/SchoolThings/2025-2026/Term2/ELEX7660/fpga/waveform_renderer.sv Line: 38
    Info (278004): Inferred divider/modulo megafunction ("lpm_divide") from the following logic: "waveform_renderer:wve0|Div0" File: C:/Users/mespo/Desktop/School/SchoolThings/2025-2026/Term2/ELEX7660/fpga/waveform_renderer.sv Line: 38
Info (12130): Elaborated megafunction instantiation "waveform_renderer:wve0|lpm_divide:Div1" File: C:/Users/mespo/Desktop/School/SchoolThings/2025-2026/Term2/ELEX7660/fpga/waveform_renderer.sv Line: 38
Info (12133): Instantiated megafunction "waveform_renderer:wve0|lpm_divide:Div1" with the following parameter: File: C:/Users/mespo/Desktop/School/SchoolThings/2025-2026/Term2/ELEX7660/fpga/waveform_renderer.sv Line: 38
    Info (12134): Parameter "LPM_WIDTHN" = "21"
    Info (12134): Parameter "LPM_WIDTHD" = "12"
    Info (12134): Parameter "LPM_NREPRESENTATION" = "UNSIGNED"
    Info (12134): Parameter "LPM_DREPRESENTATION" = "UNSIGNED"
Info (12021): Found 1 design units, including 1 entities, in source file db/lpm_divide_vcm.tdf
    Info (12023): Found entity 1: lpm_divide_vcm File: C:/Users/mespo/Desktop/School/SchoolThings/2025-2026/Term2/ELEX7660/fpga/db/lpm_divide_vcm.tdf Line: 25
Info (12021): Found 1 design units, including 1 entities, in source file db/sign_div_unsign_5nh.tdf
    Info (12023): Found entity 1: sign_div_unsign_5nh File: C:/Users/mespo/Desktop/School/SchoolThings/2025-2026/Term2/ELEX7660/fpga/db/sign_div_unsign_5nh.tdf Line: 25
Info (12021): Found 1 design units, including 1 entities, in source file db/alt_u_div_g2f.tdf
    Info (12023): Found entity 1: alt_u_div_g2f File: C:/Users/mespo/Desktop/School/SchoolThings/2025-2026/Term2/ELEX7660/fpga/db/alt_u_div_g2f.tdf Line: 23
Warning (12241): 1 hierarchies have connectivity warnings - see the Connectivity Checks report folder
Info (286030): Timing-Driven Synthesis is running
Info (17049): 9 registers lost all their fanouts during netlist optimizations.
Info (16010): Generating hard_block partition "hard_block:auto_generated_inst"
    Info (16011): Adding 0 node(s), including 0 DDIO, 0 PLL, 0 transceiver and 0 LCELL
Warning (21074): Design contains 1 input pin(s) that do not drive logic
    Warning (15610): No output dependent on input pin "KEY[0]" File: C:/Users/mespo/Desktop/School/SchoolThings/2025-2026/Term2/ELEX7660/fpga/fpga-oscilliscope.sv Line: 10
Info (21057): Implemented 1063 device resources after synthesis - the final resource count might be different
    Info (21058): Implemented 10 input pins
    Info (21059): Implemented 17 output pins
    Info (21061): Implemented 1020 logic cells
    Info (21064): Implemented 12 RAM segments
    Info (21062): Implemented 4 DSP elements
Info: Quartus Prime Analysis & Synthesis was successful. 0 errors, 26 warnings
    Info: Peak virtual memory: 4903 megabytes
    Info: Processing ended: Wed Apr  8 18:32:22 2026
    Info: Elapsed time: 00:00:14
    Info: Total CPU time (on all processors): 00:00:32


